<?xml version="1.0" encoding="UTF-8"?>
<!-- Generated by org.testng.reporters.JUnitReportReporter -->
<testsuite hostname="Dell-Falca-34ZLN12" failures="0" tests="1" name="script.MongoDeleteLogisticsProvider" time="0.456" errors="0" timestamp="2021-09-06T18:14:44 IST" skipped="0">
  <testcase classname="script.MongoDeleteLogisticsProvider" name="DeleteUser" time="0.456"/>
  <system-out/>
</testsuite> <!-- script.MongoDeleteLogisticsProvider -->
