<?xml version="1.0" encoding="UTF-8"?>
<!-- Generated by org.testng.reporters.JUnitReportReporter -->
<testsuite hostname="INBNRMARITA" failures="0" tests="17" name="script.LoadTrack" time="52.011" errors="0" timestamp="2023-05-27T11:45:54 IST" skipped="0">
  <testcase classname="script.LoadTrack" name="phoneNumberField" time="7.601"/>
  <system-out/>
  <testcase classname="script.LoadTrack" name="radioButtons" time="0.215"/>
  <system-out/>
  <testcase classname="script.LoadTrack" name="searchButtonColor" time="1.152"/>
  <system-out/>
  <testcase classname="script.LoadTrack" name="resetButtonColor" time="1.141"/>
  <system-out/>
  <testcase classname="script.LoadTrack" name="viewMoreActive" time="1.084"/>
  <system-out/>
  <testcase classname="script.LoadTrack" name="validateactivecard" time="1.093"/>
  <system-out/>
  <testcase classname="script.LoadTrack" name="validateLoadIdActive" time="15.006"/>
  <system-out/>
  <testcase classname="script.LoadTrack" name="invoiceDownloadLoaded" time="5.844"/>
  <system-out/>
  <testcase classname="script.LoadTrack" name="captureInvoiceId" time="0.225"/>
  <system-out/>
  <testcase classname="script.LoadTrack" name="validateLoadIdLoaded" time="5.559"/>
  <system-out/>
  <testcase classname="script.LoadTrack" name="invoiceDownloadUnloaded" time="2.717"/>
  <system-out/>
  <testcase classname="script.LoadTrack" name="viewMoreOptionUnloadedStage" time="0.000"/>
  <system-out/>
  <testcase classname="script.LoadTrack" name="buyerNameUnloadedStage" time="2.106"/>
  <system-out/>
  <testcase classname="script.LoadTrack" name="loadIdUnloadedStage" time="0.001"/>
  <system-out/>
  <testcase classname="script.LoadTrack" name="cropNameUnloadedStage" time="0.001"/>
  <system-out/>
  <testcase classname="script.LoadTrack" name="validateUnloadedStage" time="7.795"/>
  <system-out/>
  <testcase classname="script.LoadTrack" name="validateUnloadedStatus" time="0.471"/>
  <system-out/>
</testsuite> <!-- script.LoadTrack -->
