<?xml version="1.0" encoding="UTF-8"?>
<!-- Generated by org.testng.reporters.JUnitReportReporter -->
<testsuite hostname="INBNRMARITA" failures="0" tests="5" name="script.AdminPaymentCloseConsumer" time="23.088" errors="0" timestamp="2023-05-27T11:45:54 IST" skipped="0">
  <testcase classname="script.AdminPaymentCloseConsumer" name="dateFilter" time="12.384"/>
  <system-out/>
  <testcase classname="script.AdminPaymentCloseConsumer" name="searchButton" time="0.039"/>
  <system-out/>
  <testcase classname="script.AdminPaymentCloseConsumer" name="resetButton" time="2.071"/>
  <system-out/>
  <testcase classname="script.AdminPaymentCloseConsumer" name="downloadButton" time="3.379"/>
  <system-out/>
  <testcase classname="script.AdminPaymentCloseConsumer" name="closePayments" time="5.215"/>
  <system-out/>
</testsuite> <!-- script.AdminPaymentCloseConsumer -->
