<?xml version="1.0" encoding="UTF-8"?>
<!-- Generated by org.testng.reporters.JUnitReportReporter -->
<testsuite hostname="INBNRMARITA" failures="0" tests="33" name="script.MultipleLoadFarmerTransaction" time="135.542" errors="0" timestamp="2022-07-07T13:21:05 IST" skipped="0">
  <testcase classname="script.MultipleLoadFarmerTransaction" name="farmerLinkValidation" time="6.283"/>
  <system-out/>
  <testcase classname="script.MultipleLoadFarmerTransaction" name="validateSearchBtn" time="3.413"/>
  <system-out/>
  <testcase classname="script.MultipleLoadFarmerTransaction" name="validatePhoneNumber" time="5.479"/>
  <system-out/>
  <testcase classname="script.MultipleLoadFarmerTransaction" name="enterPhoneNumber" time="14.291"/>
  <system-out/>
  <testcase classname="script.MultipleLoadFarmerTransaction" name="userCardValidation" time="1.045"/>
  <system-out/>
  <testcase classname="script.MultipleLoadFarmerTransaction" name="validateAddCropBtn" time="2.229"/>
  <system-out/>
  <testcase classname="script.MultipleLoadFarmerTransaction" name="saveButton" time="2.077"/>
  <system-out/>
  <testcase classname="script.MultipleLoadFarmerTransaction" name="validateCategory" time="4.557"/>
  <system-out/>
  <testcase classname="script.MultipleLoadFarmerTransaction" name="ValidateCropName" time="3.193"/>
  <system-out/>
  <testcase classname="script.MultipleLoadFarmerTransaction" name="validateQuantity" time="0.636"/>
  <system-out/>
  <testcase classname="script.MultipleLoadFarmerTransaction" name="enterQuantity" time="0.156"/>
  <system-out/>
  <testcase classname="script.MultipleLoadFarmerTransaction" name="validateUnits" time="3.373"/>
  <system-out/>
  <testcase classname="script.MultipleLoadFarmerTransaction" name="validateGrade" time="0.258"/>
  <system-out/>
  <testcase classname="script.MultipleLoadFarmerTransaction" name="validateBasePrice" time="1.478"/>
  <system-out/>
  <testcase classname="script.MultipleLoadFarmerTransaction" name="enterBasePrice" time="0.131"/>
  <system-out/>
  <testcase classname="script.MultipleLoadFarmerTransaction" name="validateSoot" time="1.504"/>
  <system-out/>
  <testcase classname="script.MultipleLoadFarmerTransaction" name="enterSoot" time="1.169"/>
  <system-out/>
  <testcase classname="script.MultipleLoadFarmerTransaction" name="addCrop" time="0.139"/>
  <system-out/>
  <testcase classname="script.MultipleLoadFarmerTransaction" name="addMiscButton" time="2.041"/>
  <system-out/>
  <testcase classname="script.MultipleLoadFarmerTransaction" name="addMisc" time="4.521"/>
  <system-out/>
  <testcase classname="script.MultipleLoadFarmerTransaction" name="validateMisc" time="2.485"/>
  <system-out/>
  <testcase classname="script.MultipleLoadFarmerTransaction" name="deleteIconValidation" time="0.082"/>
  <system-out/>
  <testcase classname="script.MultipleLoadFarmerTransaction" name="searchButton" time="2.035"/>
  <system-out/>
  <testcase classname="script.MultipleLoadFarmerTransaction" name="validateSearchButton" time="15.614"/>
  <system-out>
    <![CDATA[no such element: Unable to locate element: {"method":"xpath","selector":"//div[text()=' Select State']"}
  (Session info: chrome=103.0.5060.66)
For documentation on this error, please visit: https://www.seleniumhq.org/exceptions/no_such_element.html
Build info: version: '3.141.59', revision: 'e82be7d358', time: '2018-11-14T08:25:48'
System info: host: 'INBNRMARITA', ip: '172.27.1.234', os.name: 'Windows 10', os.arch: 'amd64', os.version: '10.0', java.version: '15.0.2'
Driver info: org.openqa.selenium.chrome.ChromeDriver
Capabilities {acceptInsecureCerts: false, browserName: chrome, browserVersion: 103.0.5060.66, chrome: {chromedriverVersion: 103.0.5060.53 (a1711811edd7..., userDataDir: C:\Users\5028\AppData\Local...}, goog:chromeOptions: {debuggerAddress: localhost:61227}, javascriptEnabled: true, networkConnectionEnabled: false, pageLoadStrategy: normal, platform: WINDOWS, platformName: WINDOWS, proxy: Proxy(), setWindowRect: true, strictFileInteractability: false, timeouts: {implicit: 0, pageLoad: 300000, script: 30000}, unhandledPromptBehavior: dismiss and notify, webauthn:extension:credBlob: true, webauthn:extension:largeBlob: true, webauthn:virtualAuthenticators: true}
Session ID: ea2d73158bf4ff4bc5733c91f56410e5
*** Element info: {Using=xpath, value=//div[text()=' Select State']}]]>
  </system-out>
  <testcase classname="script.MultipleLoadFarmerTransaction" name="validateAssignButton" time="2.257"/>
  <system-out/>
  <testcase classname="script.MultipleLoadFarmerTransaction" name="assignLoad" time="24.144"/>
  <system-out/>
  <testcase classname="script.MultipleLoadFarmerTransaction" name="saveInvoiceNumber" time="5.135"/>
  <system-out/>
  <testcase classname="script.MultipleLoadFarmerTransaction" name="invoice" time="17.296"/>
  <system-out/>
  <testcase classname="script.MultipleLoadFarmerTransaction" name="invoiceDownloadOption" time="2.047"/>
  <system-out/>
  <testcase classname="script.MultipleLoadFarmerTransaction" name="updateSoot" time="2.054"/>
  <system-out/>
  <testcase classname="script.MultipleLoadFarmerTransaction" name="transaction" time="0.092"/>
  <system-out/>
  <testcase classname="script.MultipleLoadFarmerTransaction" name="confirmStamp" time="1.040"/>
  <system-out/>
  <testcase classname="script.MultipleLoadFarmerTransaction" name="userDetails" time="3.288"/>
  <system-out/>
</testsuite> <!-- script.MultipleLoadFarmerTransaction -->
