<?xml version="1.0" encoding="UTF-8"?>
<!-- Generated by org.testng.reporters.JUnitReportReporter -->
<testsuite hostname="INBNRMARITA" failures="0" tests="21" name="script.GodownLoad" time="65.545" errors="0" timestamp="2023-05-26T18:03:23 IST" skipped="0">
  <testcase classname="script.GodownLoad" name="poApproval" time="0.002"/>
  <system-out/>
  <testcase classname="script.GodownLoad" name="validateGodownRadioButton" time="10.959"/>
  <system-out/>
  <testcase classname="script.GodownLoad" name="validatePhoneNumber" time="3.595"/>
  <system-out/>
  <testcase classname="script.GodownLoad" name="enterPhoneNumber" time="14.077"/>
  <system-out/>
  <testcase classname="script.GodownLoad" name="validateLoadQty" time="2.703"/>
  <system-out/>
  <testcase classname="script.GodownLoad" name="enterLoadQty" time="1.378"/>
  <system-out/>
  <testcase classname="script.GodownLoad" name="validateUnits" time="3.163"/>
  <system-out/>
  <testcase classname="script.GodownLoad" name="selectTransactionType" time="1.635"/>
  <system-out/>
  <testcase classname="script.GodownLoad" name="verifyButtonColor" time="1.377"/>
  <system-out/>
  <testcase classname="script.GodownLoad" name="captureLoadId" time="1.676"/>
  <system-out/>
  <testcase classname="script.GodownLoad" name="validateLogisticsPhNo" time="6.423"/>
  <system-out/>
  <testcase classname="script.GodownLoad" name="validateDriverName" time="3.128"/>
  <system-out/>
  <testcase classname="script.GodownLoad" name="enterDriverName" time="1.706"/>
  <system-out/>
  <testcase classname="script.GodownLoad" name="validateDriverPhNo" time="2.276"/>
  <system-out/>
  <testcase classname="script.GodownLoad" name="enterDriverPhNo" time="1.536"/>
  <system-out/>
  <testcase classname="script.GodownLoad" name="validateLicenceNumber" time="2.248"/>
  <system-out/>
  <testcase classname="script.GodownLoad" name="enterLicenceNumber" time="1.462"/>
  <system-out/>
  <testcase classname="script.GodownLoad" name="validateVehicleNumber" time="1.521"/>
  <system-out/>
  <testcase classname="script.GodownLoad" name="enterVehicleNumber" time="1.558"/>
  <system-out/>
  <testcase classname="script.GodownLoad" name="advanceAmount" time="1.701"/>
  <system-out/>
  <testcase classname="script.GodownLoad" name="createLoad" time="1.421"/>
  <system-out/>
</testsuite> <!-- script.GodownLoad -->
