<?xml version="1.0" encoding="UTF-8"?>
<!-- Generated by org.testng.reporters.JUnitReportReporter -->
<testsuite hostname="INBNRMARITA" failures="0" tests="8" name="script.NewEditPurchaseOrderLogistics" time="17.780" errors="0" timestamp="2023-03-21T14:34:31 IST" skipped="0">
  <testcase classname="script.NewEditPurchaseOrderLogistics" name="seacrhButton" time="8.710"/>
  <system-out/>
  <testcase classname="script.NewEditPurchaseOrderLogistics" name="resetButton" time="2.067"/>
  <system-out/>
  <testcase classname="script.NewEditPurchaseOrderLogistics" name="poid" time="3.098"/>
  <system-out/>
  <testcase classname="script.NewEditPurchaseOrderLogistics" name="companyName" time="0.053"/>
  <system-out/>
  <testcase classname="script.NewEditPurchaseOrderLogistics" name="cropName" time="1.195"/>
  <system-out/>
  <testcase classname="script.NewEditPurchaseOrderLogistics" name="editButton" time="0.529"/>
  <system-out/>
  <testcase classname="script.NewEditPurchaseOrderLogistics" name="honorDistrict" time="0.647"/>
  <system-out/>
  <testcase classname="script.NewEditPurchaseOrderLogistics" name="updateQuantity" time="1.481"/>
  <system-out/>
</testsuite> <!-- script.NewEditPurchaseOrderLogistics -->
