<?xml version="1.0" encoding="UTF-8"?>
<!-- Generated by org.testng.reporters.JUnitReportReporter -->
<testsuite hostname="INBNRMARITA" failures="0" tests="5" name="script.NewClosePoConsumer" time="9.480" errors="0" timestamp="2023-03-24T16:13:42 IST" skipped="0">
  <testcase classname="script.NewClosePoConsumer" name="poClose" time="7.092"/>
  <system-out/>
  <testcase classname="script.NewClosePoConsumer" name="resetButton" time="0.039"/>
  <system-out/>
  <testcase classname="script.NewClosePoConsumer" name="validateCropList" time="0.066"/>
  <system-out/>
  <testcase classname="script.NewClosePoConsumer" name="companyName" time="0.034"/>
  <system-out/>
  <testcase classname="script.NewClosePoConsumer" name="closePO" time="2.249"/>
  <system-out/>
</testsuite> <!-- script.NewClosePoConsumer -->
