<?xml version="1.0" encoding="UTF-8"?>
<!-- Generated by org.testng.reporters.JUnitReportReporter -->
<testsuite hostname="INBNRMARITA" failures="0" tests="4" name="script.MultipleLoadEditTrack" time="62.136" errors="0" timestamp="2022-07-07T13:21:05 IST" skipped="0">
  <testcase classname="script.MultipleLoadEditTrack" name="validateActiveStage" time="34.872"/>
  <system-out/>
  <testcase classname="script.MultipleLoadEditTrack" name="validateLoadedStage" time="14.446"/>
  <system-out/>
  <testcase classname="script.MultipleLoadEditTrack" name="validateUnloadedStage" time="12.727"/>
  <system-out/>
  <testcase classname="script.MultipleLoadEditTrack" name="validateUnloadedStatus" time="0.091"/>
  <system-out/>
</testsuite> <!-- script.MultipleLoadEditTrack -->
