<?xml version="1.0" encoding="UTF-8"?>
<!-- Generated by org.testng.reporters.JUnitReportReporter -->
<testsuite hostname="INBNRMARITA" failures="0" tests="21" name="script.LogisticsLoadTrack" time="48.271" errors="0" timestamp="2023-05-27T10:57:45 IST" skipped="0">
  <testcase classname="script.LogisticsLoadTrack" name="phoneNumberField" time="7.151"/>
  <system-out/>
  <testcase classname="script.LogisticsLoadTrack" name="godownRadioButton" time="0.216"/>
  <system-out/>
  <testcase classname="script.LogisticsLoadTrack" name="searchButton" time="0.065"/>
  <system-out/>
  <testcase classname="script.LogisticsLoadTrack" name="searchButtonColor" time="0.049"/>
  <system-out/>
  <testcase classname="script.LogisticsLoadTrack" name="resetButton" time="0.069"/>
  <system-out/>
  <testcase classname="script.LogisticsLoadTrack" name="resetButtonColor" time="0.042"/>
  <system-out/>
  <testcase classname="script.LogisticsLoadTrack" name="viewMoreActive" time="0.110"/>
  <system-out/>
  <testcase classname="script.LogisticsLoadTrack" name="validateactivecard" time="0.112"/>
  <system-out/>
  <testcase classname="script.LogisticsLoadTrack" name="validateLoadIdActive" time="18.438"/>
  <system-out/>
  <testcase classname="script.LogisticsLoadTrack" name="invoiceDownloadLoaded" time="2.854"/>
  <system-out/>
  <testcase classname="script.LogisticsLoadTrack" name="captureInvoiceId" time="0.040"/>
  <system-out/>
  <testcase classname="script.LogisticsLoadTrack" name="viewMoreLoaded" time="0.116"/>
  <system-out/>
  <testcase classname="script.LogisticsLoadTrack" name="validateloadedcard" time="0.001"/>
  <system-out/>
  <testcase classname="script.LogisticsLoadTrack" name="validateLoadIdLoaded" time="6.685"/>
  <system-out/>
  <testcase classname="script.LogisticsLoadTrack" name="invoiceDownloadUnloaded" time="2.622"/>
  <system-out/>
  <testcase classname="script.LogisticsLoadTrack" name="viewMoreOptionUnloadedStage" time="0.136"/>
  <system-out/>
  <testcase classname="script.LogisticsLoadTrack" name="buyerNameUnloadedStage" time="1.075"/>
  <system-out/>
  <testcase classname="script.LogisticsLoadTrack" name="loadIdUnloadedStage" time="0.000"/>
  <system-out/>
  <testcase classname="script.LogisticsLoadTrack" name="cropNameUnloadedStage" time="0.000"/>
  <system-out/>
  <testcase classname="script.LogisticsLoadTrack" name="validateUnloadedStage" time="8.035"/>
  <system-out/>
  <testcase classname="script.LogisticsLoadTrack" name="validateUnloadedStatus" time="0.455"/>
  <system-out/>
</testsuite> <!-- script.LogisticsLoadTrack -->
