<?xml version="1.0" encoding="UTF-8"?>
<!-- Generated by org.testng.reporters.JUnitReportReporter -->
<testsuite hostname="INBNRMARITA" failures="0" tests="1" name="script.VendorOnboard" time="23.680" errors="0" timestamp="2022-06-29T12:07:49 IST" skipped="0">
  <testcase classname="script.VendorOnboard" name="vendorOnboarding" time="23.680"/>
  <system-out/>
</testsuite> <!-- script.VendorOnboard -->
