<?xml version="1.0" encoding="UTF-8"?>
<!-- Generated by org.testng.reporters.JUnitReportReporter -->
<testsuite hostname="INBNRMARITA" failures="0" tests="81" name="script.CreatePO" time="299.823" errors="0" timestamp="2023-03-15T17:23:56 IST" skipped="0">
  <testcase classname="script.CreatePO" name="buyerLinkValidation" time="3.382"/>
  <system-out/>
  <testcase classname="script.CreatePO" name="buyerLinkValidation" time="3.230"/>
  <system-out/>
  <testcase classname="script.CreatePO" name="buyerLinkValidation" time="3.929"/>
  <system-out/>
  <testcase classname="script.CreatePO" name="buyerOnboardingPage" time="6.410"/>
  <system-out/>
  <testcase classname="script.CreatePO" name="buyerOnboardingPage" time="6.700"/>
  <system-out/>
  <testcase classname="script.CreatePO" name="buyerOnboardingPage" time="6.315"/>
  <system-out/>
  <testcase classname="script.CreatePO" name="searchButton" time="0.056"/>
  <system-out/>
  <testcase classname="script.CreatePO" name="searchButton" time="0.142"/>
  <system-out/>
  <testcase classname="script.CreatePO" name="searchButton" time="0.078"/>
  <system-out/>
  <testcase classname="script.CreatePO" name="validatePhoneNumber" time="7.666"/>
  <system-out/>
  <testcase classname="script.CreatePO" name="validatePhoneNumber" time="7.825"/>
  <system-out/>
  <testcase classname="script.CreatePO" name="validatePhoneNumber" time="7.605"/>
  <system-out/>
  <testcase classname="script.CreatePO" name="enterPhoneNumber" time="16.914"/>
  <system-out/>
  <testcase classname="script.CreatePO" name="enterPhoneNumber" time="16.269"/>
  <system-out/>
  <testcase classname="script.CreatePO" name="enterPhoneNumber" time="18.362"/>
  <system-out/>
  <testcase classname="script.CreatePO" name="userCardValidation" time="0.087"/>
  <system-out/>
  <testcase classname="script.CreatePO" name="userCardValidation" time="0.051"/>
  <system-out/>
  <testcase classname="script.CreatePO" name="userCardValidation" time="0.051"/>
  <system-out/>
  <testcase classname="script.CreatePO" name="validateAddCropButton" time="1.199"/>
  <system-out/>
  <testcase classname="script.CreatePO" name="validateAddCropButton" time="1.267"/>
  <system-out/>
  <testcase classname="script.CreatePO" name="validateAddCropButton" time="1.256"/>
  <system-out/>
  <testcase classname="script.CreatePO" name="addButton" time="0.048"/>
  <system-out/>
  <testcase classname="script.CreatePO" name="addButton" time="0.034"/>
  <system-out/>
  <testcase classname="script.CreatePO" name="addButton" time="0.139"/>
  <system-out/>
  <testcase classname="script.CreatePO" name="validateCategory" time="3.796"/>
  <system-out/>
  <testcase classname="script.CreatePO" name="validateCategory" time="3.469"/>
  <system-out/>
  <testcase classname="script.CreatePO" name="validateCategory" time="3.389"/>
  <system-out/>
  <testcase classname="script.CreatePO" name="validateCropName" time="3.443"/>
  <system-out/>
  <testcase classname="script.CreatePO" name="validateCropName" time="3.366"/>
  <system-out/>
  <testcase classname="script.CreatePO" name="validateCropName" time="3.430"/>
  <system-out/>
  <testcase classname="script.CreatePO" name="validateQuantity" time="8.122"/>
  <system-out/>
  <testcase classname="script.CreatePO" name="validateQuantity" time="7.884"/>
  <system-out/>
  <testcase classname="script.CreatePO" name="validateQuantity" time="7.806"/>
  <system-out/>
  <testcase classname="script.CreatePO" name="enterQuantity" time="1.110"/>
  <system-out/>
  <testcase classname="script.CreatePO" name="enterQuantity" time="1.103"/>
  <system-out/>
  <testcase classname="script.CreatePO" name="enterQuantity" time="1.106"/>
  <system-out/>
  <testcase classname="script.CreatePO" name="validateUnit" time="5.386"/>
  <system-out/>
  <testcase classname="script.CreatePO" name="validateUnit" time="5.416"/>
  <system-out/>
  <testcase classname="script.CreatePO" name="validateUnit" time="5.372"/>
  <system-out/>
  <testcase classname="script.CreatePO" name="validateGrade" time="2.379"/>
  <system-out/>
  <testcase classname="script.CreatePO" name="validateGrade" time="2.350"/>
  <system-out/>
  <testcase classname="script.CreatePO" name="validateGrade" time="2.313"/>
  <system-out/>
  <testcase classname="script.CreatePO" name="validatePrice" time="7.814"/>
  <system-out/>
  <testcase classname="script.CreatePO" name="validatePrice" time="7.764"/>
  <system-out/>
  <testcase classname="script.CreatePO" name="validatePrice" time="7.898"/>
  <system-out/>
  <testcase classname="script.CreatePO" name="enterPrice" time="2.241"/>
  <system-out/>
  <testcase classname="script.CreatePO" name="enterPrice" time="2.253"/>
  <system-out/>
  <testcase classname="script.CreatePO" name="enterPrice" time="2.257"/>
  <system-out/>
  <testcase classname="script.CreatePO" name="addCrop" time="0.057"/>
  <system-out/>
  <testcase classname="script.CreatePO" name="addCrop" time="0.081"/>
  <system-out/>
  <testcase classname="script.CreatePO" name="addCrop" time="0.147"/>
  <system-out/>
  <testcase classname="script.CreatePO" name="validateStartDate" time="3.216"/>
  <system-out/>
  <testcase classname="script.CreatePO" name="validateStartDate" time="3.165"/>
  <system-out/>
  <testcase classname="script.CreatePO" name="validateStartDate" time="3.191"/>
  <system-out/>
  <testcase classname="script.CreatePO" name="selectStartDate" time="0.500"/>
  <system-out/>
  <testcase classname="script.CreatePO" name="selectStartDate" time="0.312"/>
  <system-out/>
  <testcase classname="script.CreatePO" name="selectStartDate" time="0.498"/>
  <system-out/>
  <testcase classname="script.CreatePO" name="validatEndDate" time="2.253"/>
  <system-out/>
  <testcase classname="script.CreatePO" name="validatEndDate" time="2.319"/>
  <system-out/>
  <testcase classname="script.CreatePO" name="validatEndDate" time="2.292"/>
  <system-out/>
  <testcase classname="script.CreatePO" name="selectEndDate" time="1.426"/>
  <system-out/>
  <testcase classname="script.CreatePO" name="selectEndDate" time="1.297"/>
  <system-out/>
  <testcase classname="script.CreatePO" name="selectEndDate" time="1.443"/>
  <system-out/>
  <testcase classname="script.CreatePO" name="deliveryDistrictValidation" time="10.417"/>
  <system-out/>
  <testcase classname="script.CreatePO" name="deliveryDistrictValidation" time="15.398"/>
  <system-out/>
  <testcase classname="script.CreatePO" name="deliveryDistrictValidation" time="15.191"/>
  <system-out/>
  <testcase classname="script.CreatePO" name="cancelPoValidation" time="3.462"/>
  <system-out/>
  <testcase classname="script.CreatePO" name="cancelPoValidation" time="3.363"/>
  <system-out/>
  <testcase classname="script.CreatePO" name="cancelPoValidation" time="3.813"/>
  <system-out/>
  <testcase classname="script.CreatePO" name="generatePoNumber" time="0.042"/>
  <system-out/>
  <testcase classname="script.CreatePO" name="generatePoNumber" time="0.031"/>
  <system-out/>
  <testcase classname="script.CreatePO" name="generatePoNumber" time="0.040"/>
  <system-out/>
  <testcase classname="script.CreatePO" name="generatePO" time="3.236"/>
  <system-out/>
  <testcase classname="script.CreatePO" name="generatePO" time="3.275"/>
  <system-out/>
  <testcase classname="script.CreatePO" name="generatePO" time="3.192"/>
  <system-out/>
  <testcase classname="script.CreatePO" name="validateSaveButton" time="0.065"/>
  <system-out/>
  <testcase classname="script.CreatePO" name="validateSaveButton" time="0.057"/>
  <system-out/>
  <testcase classname="script.CreatePO" name="validateSaveButton" time="0.038"/>
  <system-out/>
  <testcase classname="script.CreatePO" name="poCreation" time="1.778"/>
  <system-out/>
  <testcase classname="script.CreatePO" name="poCreation" time="1.932"/>
  <system-out/>
  <testcase classname="script.CreatePO" name="poCreation" time="1.814"/>
  <system-out/>
</testsuite> <!-- script.CreatePO -->
