<?xml version="1.0" encoding="UTF-8"?>
<!-- Generated by org.testng.reporters.JUnitReportReporter -->
<testsuite hostname="FESLAP080" failures="0" tests="1" name="script.test" time="3.709" errors="0" timestamp="2024-07-30T12:06:18 IST" skipped="0">
  <testcase classname="script.test" name="login" time="3.709"/>
</testsuite> <!-- script.test -->
