<?xml version="1.0" encoding="UTF-8"?>
<!-- Generated by org.testng.reporters.JUnitReportReporter -->
<testsuite hostname="INBNRMARITA" failures="0" tests="11" name="script.EditFPO" time="57.023" errors="0" timestamp="2023-04-26T18:51:27 IST" skipped="0">
  <testcase classname="script.EditFPO" name="navigateToEditUsers" time="4.090"/>
  <system-out/>
  <testcase classname="script.EditFPO" name="validateEditUsersPage" time="14.622"/>
  <system-out/>
  <testcase classname="script.EditFPO" name="validateDisabledFields" time="2.440"/>
  <system-out/>
  <testcase classname="script.EditFPO" name="validateFPOName" time="4.260"/>
  <system-out/>
  <testcase classname="script.EditFPO" name="validateFPOPhoneNumber" time="8.021"/>
  <system-out/>
  <testcase classname="script.EditFPO" name="validateFPOStreet" time="5.450"/>
  <system-out/>
  <testcase classname="script.EditFPO" name="validateFPOLocality" time="4.609"/>
  <system-out/>
  <testcase classname="script.EditFPO" name="validateFPOPincode" time="4.044"/>
  <system-out/>
  <testcase classname="script.EditFPO" name="deleteAndAddFPOFshopDetails" time="1.441"/>
  <system-out/>
  <testcase classname="script.EditFPO" name="addFshop" time="5.799"/>
  <system-out/>
  <testcase classname="script.EditFPO" name="validateUpdatebutton" time="2.247"/>
  <system-out/>
</testsuite> <!-- script.EditFPO -->
