<?xml version="1.0" encoding="UTF-8"?>
<!-- Generated by org.testng.reporters.JUnitReportReporter -->
<testsuite hostname="INBNRMARITA" failures="0" tests="35" name="script.FarmerBiltyTransaction" time="130.879" errors="0" timestamp="2023-05-27T11:45:54 IST" skipped="0">
  <testcase classname="script.FarmerBiltyTransaction" name="farmerLinkValidation" time="8.356"/>
  <system-out/>
  <testcase classname="script.FarmerBiltyTransaction" name="searchButtonValidation" time="2.743"/>
  <system-out/>
  <testcase classname="script.FarmerBiltyTransaction" name="validateSearchBtn" time="0.062"/>
  <system-out/>
  <testcase classname="script.FarmerBiltyTransaction" name="validatePhoneNumber" time="5.674"/>
  <system-out/>
  <testcase classname="script.FarmerBiltyTransaction" name="enterPhoneNumber" time="17.213"/>
  <system-out/>
  <testcase classname="script.FarmerBiltyTransaction" name="userCardValidation" time="1.064"/>
  <system-out/>
  <testcase classname="script.FarmerBiltyTransaction" name="validateAddCropBtn" time="1.293"/>
  <system-out/>
  <testcase classname="script.FarmerBiltyTransaction" name="saveButton" time="0.415"/>
  <system-out/>
  <testcase classname="script.FarmerBiltyTransaction" name="validateCategory" time="3.192"/>
  <system-out/>
  <testcase classname="script.FarmerBiltyTransaction" name="ValidateCropName" time="1.392"/>
  <system-out/>
  <testcase classname="script.FarmerBiltyTransaction" name="validateQuantity" time="1.688"/>
  <system-out/>
  <testcase classname="script.FarmerBiltyTransaction" name="enterQuantity" time="0.179"/>
  <system-out/>
  <testcase classname="script.FarmerBiltyTransaction" name="validateUnits" time="4.758"/>
  <system-out/>
  <testcase classname="script.FarmerBiltyTransaction" name="validateGrade" time="3.887"/>
  <system-out/>
  <testcase classname="script.FarmerBiltyTransaction" name="validateBasePrice" time="2.448"/>
  <system-out/>
  <testcase classname="script.FarmerBiltyTransaction" name="enterBasePrice" time="0.155"/>
  <system-out/>
  <testcase classname="script.FarmerBiltyTransaction" name="validateSoot" time="3.265"/>
  <system-out/>
  <testcase classname="script.FarmerBiltyTransaction" name="enterSoot" time="1.667"/>
  <system-out/>
  <testcase classname="script.FarmerBiltyTransaction" name="addCrop" time="0.176"/>
  <system-out/>
  <testcase classname="script.FarmerBiltyTransaction" name="addMiscButton" time="0.313"/>
  <system-out/>
  <testcase classname="script.FarmerBiltyTransaction" name="addMisc" time="2.867"/>
  <system-out/>
  <testcase classname="script.FarmerBiltyTransaction" name="validateMisc" time="4.049"/>
  <system-out/>
  <testcase classname="script.FarmerBiltyTransaction" name="deleteIconValidation" time="1.130"/>
  <system-out/>
  <testcase classname="script.FarmerBiltyTransaction" name="searchButton" time="0.049"/>
  <system-out/>
  <testcase classname="script.FarmerBiltyTransaction" name="validateSearchButton" time="16.714"/>
  <system-out/>
  <testcase classname="script.FarmerBiltyTransaction" name="validateAssignButton" time="2.467"/>
  <system-out/>
  <testcase classname="script.FarmerBiltyTransaction" name="assignLoad" time="11.721"/>
  <system-out/>
  <testcase classname="script.FarmerBiltyTransaction" name="saveInvoiceNumber" time="3.201"/>
  <system-out/>
  <testcase classname="script.FarmerBiltyTransaction" name="totalPriceCalculation" time="0.226"/>
  <system-out/>
  <testcase classname="script.FarmerBiltyTransaction" name="invoice" time="14.675"/>
  <system-out/>
  <testcase classname="script.FarmerBiltyTransaction" name="invoiceDownloadOption" time="3.249"/>
  <system-out/>
  <testcase classname="script.FarmerBiltyTransaction" name="updateSoot" time="2.569"/>
  <system-out/>
  <testcase classname="script.FarmerBiltyTransaction" name="transaction" time="1.290"/>
  <system-out/>
  <testcase classname="script.FarmerBiltyTransaction" name="confirmStamp" time="2.102"/>
  <system-out/>
  <testcase classname="script.FarmerBiltyTransaction" name="userDetails" time="4.630"/>
  <system-out/>
</testsuite> <!-- script.FarmerBiltyTransaction -->
