<?xml version="1.0" encoding="UTF-8"?>
<!-- Generated by org.testng.reporters.JUnitReportReporter -->
<testsuite hostname="INBNRMARITA" failures="0" tests="11" name="script.AdminDSCPayments" time="38.259" errors="0" timestamp="2023-05-27T11:45:54 IST" skipped="0">
  <testcase classname="script.AdminDSCPayments" name="dateFilterFarmerPayments" time="8.348"/>
  <system-out/>
  <testcase classname="script.AdminDSCPayments" name="searchButton" time="2.074"/>
  <system-out/>
  <testcase classname="script.AdminDSCPayments" name="resetButton" time="2.075"/>
  <system-out/>
  <testcase classname="script.AdminDSCPayments" name="totalPriceCalculation" time="0.006"/>
  <system-out/>
  <testcase classname="script.AdminDSCPayments" name="approvePayments" time="9.949"/>
  <system-out/>
  <testcase classname="script.AdminDSCPayments" name="dateFilterTransportPayments" time="1.728"/>
  <system-out/>
  <testcase classname="script.AdminDSCPayments" name="searchButtonTransport" time="0.100"/>
  <system-out/>
  <testcase classname="script.AdminDSCPayments" name="resetButtonTransport" time="0.279"/>
  <system-out/>
  <testcase classname="script.AdminDSCPayments" name="userNameFieldTransport" time="2.094"/>
  <system-out/>
  <testcase classname="script.AdminDSCPayments" name="invoiceNumberFieldTransport" time="2.077"/>
  <system-out/>
  <testcase classname="script.AdminDSCPayments" name="transportPayments" time="9.529"/>
  <system-out/>
</testsuite> <!-- script.AdminDSCPayments -->
