<?xml version="1.0" encoding="UTF-8"?>
<!-- Generated by org.testng.reporters.JUnitReportReporter -->
<testsuite hostname="INBNRMARITA" failures="0" tests="14" name="script.EditIndividualLogistics" time="36.618" errors="0" timestamp="2023-03-29T11:12:49 IST" skipped="0">
  <testcase classname="script.EditIndividualLogistics" name="validatePersonNameFieldStatus" time="15.543"/>
  <system-out/>
  <testcase classname="script.EditIndividualLogistics" name="validateContactPersonPhoneNumber" time="1.623"/>
  <system-out/>
  <testcase classname="script.EditIndividualLogistics" name="validateEmailFieldCanNotBeEdited" time="0.059"/>
  <system-out/>
  <testcase classname="script.EditIndividualLogistics" name="validateRegistrationTypeErrorMessage" time="0.842"/>
  <system-out/>
  <testcase classname="script.EditIndividualLogistics" name="validateStateAndDistrictFieldStatus" time="0.111"/>
  <system-out/>
  <testcase classname="script.EditIndividualLogistics" name="editStreet" time="1.880"/>
  <system-out/>
  <testcase classname="script.EditIndividualLogistics" name="editLocality" time="1.796"/>
  <system-out/>
  <testcase classname="script.EditIndividualLogistics" name="editPincode" time="1.979"/>
  <system-out/>
  <testcase classname="script.EditIndividualLogistics" name="validateNameFieldErrorMessage" time="1.509"/>
  <system-out/>
  <testcase classname="script.EditIndividualLogistics" name="validateBankDropdownErrorMessage" time="5.365"/>
  <system-out/>
  <testcase classname="script.EditIndividualLogistics" name="validateAccountNumberErrorMessage" time="1.631"/>
  <system-out/>
  <testcase classname="script.EditIndividualLogistics" name="validateIfscCodeErrorMessage" time="1.880"/>
  <system-out/>
  <testcase classname="script.EditIndividualLogistics" name="validateUplodePassBookImageErrorMessage" time="0.732"/>
  <system-out/>
  <testcase classname="script.EditIndividualLogistics" name="validateLogisticUpdated" time="1.668"/>
  <system-out/>
</testsuite> <!-- script.EditIndividualLogistics -->
