<?xml version="1.0" encoding="UTF-8"?>
<!-- Generated by org.testng.reporters.JUnitReportReporter -->
<testsuite hostname="INBNRMARITA" failures="0" tests="27" name="script.CreateSalesOrder" time="113.086" errors="0" timestamp="2023-05-27T11:45:54 IST" skipped="0">
  <testcase classname="script.CreateSalesOrder" name="buyerLinkValidation" time="3.535"/>
  <system-out/>
  <testcase classname="script.CreateSalesOrder" name="buyerOnboardingPage" time="9.603"/>
  <system-out/>
  <testcase classname="script.CreateSalesOrder" name="searchButton" time="0.144"/>
  <system-out/>
  <testcase classname="script.CreateSalesOrder" name="validatePhoneNumber" time="7.662"/>
  <system-out/>
  <testcase classname="script.CreateSalesOrder" name="enterPhoneNumber" time="16.665"/>
  <system-out/>
  <testcase classname="script.CreateSalesOrder" name="userCardValidation" time="0.068"/>
  <system-out/>
  <testcase classname="script.CreateSalesOrder" name="validateAddCropButton" time="1.184"/>
  <system-out/>
  <testcase classname="script.CreateSalesOrder" name="addButton" time="0.053"/>
  <system-out/>
  <testcase classname="script.CreateSalesOrder" name="validateCategory" time="3.525"/>
  <system-out/>
  <testcase classname="script.CreateSalesOrder" name="validateCropName" time="3.463"/>
  <system-out/>
  <testcase classname="script.CreateSalesOrder" name="validateQuantity" time="8.099"/>
  <system-out/>
  <testcase classname="script.CreateSalesOrder" name="enterQuantity" time="1.150"/>
  <system-out/>
  <testcase classname="script.CreateSalesOrder" name="validateUnit" time="5.549"/>
  <system-out/>
  <testcase classname="script.CreateSalesOrder" name="validateGrade" time="2.404"/>
  <system-out/>
  <testcase classname="script.CreateSalesOrder" name="validatePrice" time="8.153"/>
  <system-out/>
  <testcase classname="script.CreateSalesOrder" name="enterPrice" time="2.369"/>
  <system-out/>
  <testcase classname="script.CreateSalesOrder" name="addCrop" time="0.053"/>
  <system-out/>
  <testcase classname="script.CreateSalesOrder" name="validateStartDate" time="3.244"/>
  <system-out/>
  <testcase classname="script.CreateSalesOrder" name="selectStartDate" time="0.392"/>
  <system-out/>
  <testcase classname="script.CreateSalesOrder" name="validatEndDate" time="2.388"/>
  <system-out/>
  <testcase classname="script.CreateSalesOrder" name="selectEndDate" time="1.532"/>
  <system-out/>
  <testcase classname="script.CreateSalesOrder" name="deliveryDistrictValidation" time="16.404"/>
  <system-out/>
  <testcase classname="script.CreateSalesOrder" name="cancelPoValidation" time="3.905"/>
  <system-out/>
  <testcase classname="script.CreateSalesOrder" name="generateSoNumber" time="0.062"/>
  <system-out/>
  <testcase classname="script.CreateSalesOrder" name="generateSO" time="4.028"/>
  <system-out/>
  <testcase classname="script.CreateSalesOrder" name="validateSaveButton" time="1.482"/>
  <system-out/>
  <testcase classname="script.CreateSalesOrder" name="poCreation" time="5.970"/>
  <system-out/>
</testsuite> <!-- script.CreateSalesOrder -->
