<?xml version="1.0" encoding="UTF-8"?>
<!-- Generated by org.testng.reporters.JUnitReportReporter -->
<testsuite hostname="INBNRMARITA" failures="0" tests="1" name="script.ClosePO" time="10.311" errors="0" timestamp="2022-07-07T13:21:05 IST" skipped="0">
  <testcase classname="script.ClosePO" name="poClose" time="10.311"/>
  <system-out/>
</testsuite> <!-- script.ClosePO -->
