<?xml version="1.0" encoding="UTF-8"?>
<!-- Generated by org.testng.reporters.JUnitReportReporter -->
<testsuite hostname="INBNRMARITA" failures="0" tests="8" name="script.EditSalesOrder" time="14.774" errors="0" timestamp="2023-05-27T11:45:54 IST" skipped="0">
  <testcase classname="script.EditSalesOrder" name="searchButton" time="7.836"/>
  <system-out/>
  <testcase classname="script.EditSalesOrder" name="resetButton" time="0.049"/>
  <system-out/>
  <testcase classname="script.EditSalesOrder" name="poid" time="3.103"/>
  <system-out/>
  <testcase classname="script.EditSalesOrder" name="companyName" time="0.041"/>
  <system-out/>
  <testcase classname="script.EditSalesOrder" name="cropName" time="1.153"/>
  <system-out/>
  <testcase classname="script.EditSalesOrder" name="editButton" time="1.019"/>
  <system-out/>
  <testcase classname="script.EditSalesOrder" name="honorDistrict" time="0.658"/>
  <system-out/>
  <testcase classname="script.EditSalesOrder" name="updateQuantity" time="0.915"/>
  <system-out/>
</testsuite> <!-- script.EditSalesOrder -->
