<?xml version="1.0" encoding="UTF-8"?>
<!-- Generated by org.testng.reporters.JUnitReportReporter -->
<testsuite hostname="INBNRMARITA" failures="0" tests="3" name="script.GodownConsumer" time="39.974" errors="0" timestamp="2023-05-26T18:03:23 IST" skipped="0">
  <testcase classname="script.GodownConsumer" name="searchUser" time="22.383"/>
  <system-out/>
  <testcase classname="script.GodownConsumer" name="validateAssignButton" time="5.429"/>
  <system-out/>
  <testcase classname="script.GodownConsumer" name="assignLoad" time="12.162"/>
  <system-out/>
</testsuite> <!-- script.GodownConsumer -->
