<?xml version="1.0" encoding="UTF-8"?>
<!-- Generated by org.testng.reporters.JUnitReportReporter -->
<testsuite hostname="INBNRMARITA" failures="0" tests="13" name="script.FarmerOnboarding" time="56.315" errors="0" timestamp="2023-03-29T11:12:49 IST" skipped="0">
  <testcase classname="script.FarmerOnboarding" name="validateGenerateId" time="4.494"/>
  <system-out/>
  <testcase classname="script.FarmerOnboarding" name="validateFarmerName" time="3.622"/>
  <system-out/>
  <testcase classname="script.FarmerOnboarding" name="selectGender" time="3.689"/>
  <system-out/>
  <testcase classname="script.FarmerOnboarding" name="validateStreet" time="5.134"/>
  <system-out/>
  <testcase classname="script.FarmerOnboarding" name="validateLocality" time="5.401"/>
  <system-out/>
  <testcase classname="script.FarmerOnboarding" name="selectStateAndDistrict" time="11.881"/>
  <system-out/>
  <testcase classname="script.FarmerOnboarding" name="validatePincode" time="4.469"/>
  <system-out/>
  <testcase classname="script.FarmerOnboarding" name="validateTotalAcre" time="12.439"/>
  <system-out/>
  <testcase classname="script.FarmerOnboarding" name="selectRedSoilCheckBox" time="1.513"/>
  <system-out/>
  <testcase classname="script.FarmerOnboarding" name="addCropsGrown" time="2.978"/>
  <system-out/>
  <testcase classname="script.FarmerOnboarding" name="addFarmeMachinery" time="0.110"/>
  <system-out/>
  <testcase classname="script.FarmerOnboarding" name="validateButtonColor" time="0.447"/>
  <system-out/>
  <testcase classname="script.FarmerOnboarding" name="validateToastMessage" time="0.138"/>
  <system-out/>
</testsuite> <!-- script.FarmerOnboarding -->
