<?xml version="1.0" encoding="UTF-8"?>
<!-- Generated by org.testng.reporters.JUnitReportReporter -->
<testsuite hostname="INBNRMARITA" failures="0" tests="34" name="script.NewFarmerTransaction" time="342.446" errors="0" timestamp="2022-04-12T12:50:53 IST" skipped="0">
  <testcase classname="script.NewFarmerTransaction" name="farmerLinkValidation" time="6.169"/>
  <system-out/>
  <testcase classname="script.NewFarmerTransaction" name="farmerOnboardingPage" time="1.777"/>
  <system-out/>
  <testcase classname="script.NewFarmerTransaction" name="searchUser" time="23.817"/>
  <system-out/>
  <testcase classname="script.NewFarmerTransaction" name="userCardValidation" time="1.043"/>
  <system-out/>
  <testcase classname="script.NewFarmerTransaction" name="categoryValidate" time="7.919"/>
  <system-out/>
  <testcase classname="script.NewFarmerTransaction" name="validateQuantity" time="0.662"/>
  <system-out/>
  <testcase classname="script.NewFarmerTransaction" name="addMiscButton" time="12.056"/>
  <system-out/>
  <testcase classname="script.NewFarmerTransaction" name="validateUnits" time="3.792"/>
  <system-out/>
  <testcase classname="script.NewFarmerTransaction" name="validateBasePrice" time="1.697"/>
  <system-out/>
  <testcase classname="script.NewFarmerTransaction" name="validateSoot" time="2.627"/>
  <system-out/>
  <testcase classname="script.NewFarmerTransaction" name="addCrop" time="0.115"/>
  <system-out/>
  <testcase classname="script.NewFarmerTransaction" name="validateMisc" time="7.057"/>
  <system-out/>
  <testcase classname="script.NewFarmerTransaction" name="deleteIconValidation" time="0.093"/>
  <system-out/>
  <testcase classname="script.NewFarmerTransaction" name="validateSearchButton" time="12.383"/>
  <system-out>
    <![CDATA[no such element: Unable to locate element: {"method":"xpath","selector":"//div[text()=' Select State']"}
  (Session info: chrome=100.0.4896.75)
For documentation on this error, please visit: https://www.seleniumhq.org/exceptions/no_such_element.html
Build info: version: '3.141.59', revision: 'e82be7d358', time: '2018-11-14T08:25:48'
System info: host: 'INBNRMARITA', ip: '172.25.1.66', os.name: 'Windows 10', os.arch: 'amd64', os.version: '10.0', java.version: '15.0.2'
Driver info: org.openqa.selenium.chrome.ChromeDriver
Capabilities {acceptInsecureCerts: false, browserName: chrome, browserVersion: 100.0.4896.75, chrome: {chromedriverVersion: 99.0.4844.51 (d537ec02474b5..., userDataDir: C:\Users\5028\AppData\Local...}, goog:chromeOptions: {debuggerAddress: localhost:50597}, javascriptEnabled: true, networkConnectionEnabled: false, pageLoadStrategy: normal, platform: WINDOWS, platformName: WINDOWS, proxy: Proxy(), setWindowRect: true, strictFileInteractability: false, timeouts: {implicit: 0, pageLoad: 300000, script: 30000}, unhandledPromptBehavior: dismiss and notify, webauthn:extension:credBlob: true, webauthn:extension:largeBlob: true, webauthn:virtualAuthenticators: true}
Session ID: 6043aaca41f175af247652dd20713aca
*** Element info: {Using=xpath, value=//div[text()=' Select State']}]]>
  </system-out>
  <testcase classname="script.NewFarmerTransaction" name="validateAssignButton" time="2.252"/>
  <system-out/>
  <testcase classname="script.NewFarmerTransaction" name="assignLoad" time="21.153"/>
  <system-out/>
  <testcase classname="script.NewFarmerTransaction" name="saveInvoiceNumber" time="5.146"/>
  <system-out/>
  <testcase classname="script.NewFarmerTransaction" name="invoice" time="15.007"/>
  <system-out/>
  <testcase classname="script.NewFarmerTransaction" name="bankconfirm" time="19.194"/>
  <system-out/>
  <testcase classname="script.NewFarmerTransaction" name="invoiceConfirm" time="17.462"/>
  <system-out/>
  <testcase classname="script.NewFarmerTransaction" name="updateSoot" time="7.122"/>
  <system-out/>
  <testcase classname="script.NewFarmerTransaction" name="updateSootButton" time="2.055"/>
  <system-out/>
  <testcase classname="script.NewFarmerTransaction" name="updateSootButtonColor" time="2.396"/>
  <system-out/>
  <testcase classname="script.NewFarmerTransaction" name="confirmtButtonColor" time="2.040"/>
  <system-out/>
  <testcase classname="script.NewFarmerTransaction" name="updateMisc" time="2.061"/>
  <system-out/>
  <testcase classname="script.NewFarmerTransaction" name="addMiscButtonColor" time="2.052"/>
  <system-out/>
  <testcase classname="script.NewFarmerTransaction" name="ValidateMisc" time="12.878"/>
  <system-out/>
  <testcase classname="script.NewFarmerTransaction" name="invoiceDownloadOption" time="2.109"/>
  <system-out/>
  <testcase classname="script.NewFarmerTransaction" name="centerpending" time="15.493"/>
  <system-out/>
  <testcase classname="script.NewFarmerTransaction" name="paymentpendingfilter" time="19.641"/>
  <system-out/>
  <testcase classname="script.NewFarmerTransaction" name="paymentcompletedfilter" time="21.685"/>
  <system-out/>
  <testcase classname="script.NewFarmerTransaction" name="paymentclosedfilter" time="21.713"/>
  <system-out/>
  <testcase classname="script.NewFarmerTransaction" name="phonenumberfilter" time="36.727"/>
  <system-out/>
  <testcase classname="script.NewFarmerTransaction" name="invoicenumberfilter" time="33.053"/>
  <system-out>
    <![CDATA[no such element: Unable to locate element: {"method":"xpath","selector":"//input[@value='Center Name*']"}
  (Session info: chrome=100.0.4896.75)
For documentation on this error, please visit: https://www.seleniumhq.org/exceptions/no_such_element.html
Build info: version: '3.141.59', revision: 'e82be7d358', time: '2018-11-14T08:25:48'
System info: host: 'INBNRMARITA', ip: '172.25.1.66', os.name: 'Windows 10', os.arch: 'amd64', os.version: '10.0', java.version: '15.0.2'
Driver info: org.openqa.selenium.chrome.ChromeDriver
Capabilities {acceptInsecureCerts: false, browserName: chrome, browserVersion: 100.0.4896.75, chrome: {chromedriverVersion: 99.0.4844.51 (d537ec02474b5..., userDataDir: C:\Users\5028\AppData\Local...}, goog:chromeOptions: {debuggerAddress: localhost:50964}, javascriptEnabled: true, networkConnectionEnabled: false, pageLoadStrategy: normal, platform: WINDOWS, platformName: WINDOWS, proxy: Proxy(), setWindowRect: true, strictFileInteractability: false, timeouts: {implicit: 0, pageLoad: 300000, script: 30000}, unhandledPromptBehavior: dismiss and notify, webauthn:extension:credBlob: true, webauthn:extension:largeBlob: true, webauthn:virtualAuthenticators: true}
Session ID: 493cf6a651a70721fb570c02364564e0
*** Element info: {Using=xpath, value=//input[@value='Center Name*']}]]>
  </system-out>
</testsuite> <!-- script.NewFarmerTransaction -->
