<?xml version="1.0" encoding="UTF-8"?>
<!-- Generated by org.testng.reporters.JUnitReportReporter -->
<testsuite hostname="Dell-Falca-34ZLN12" failures="0" tests="1" name="script.WebFarmerOnboarding" time="404.218" errors="0" timestamp="2021-08-12T16:44:09 IST" skipped="0">
  <testcase classname="script.WebFarmerOnboarding" name="farmeronboard" time="404.218"/>
  <system-out/>
</testsuite> <!-- script.WebFarmerOnboarding -->
