<?xml version="1.0" encoding="UTF-8"?>
<!-- Generated by org.testng.reporters.JUnitReportReporter -->
<testsuite hostname="INBNRMARITA" failures="0" tests="13" name="script.BiltyOnboarding" time="44.619" errors="0" timestamp="2023-04-26T18:51:27 IST" skipped="0">
  <testcase classname="script.BiltyOnboarding" name="validatePageHeadline" time="4.076"/>
  <system-out/>
  <testcase classname="script.BiltyOnboarding" name="validateGenerateId" time="2.622"/>
  <system-out/>
  <testcase classname="script.BiltyOnboarding" name="validateBiltyName" time="3.907"/>
  <system-out/>
  <testcase classname="script.BiltyOnboarding" name="validateBiltyPhoneNumber" time="3.102"/>
  <system-out/>
  <testcase classname="script.BiltyOnboarding" name="validateBiltyStreet" time="3.147"/>
  <system-out/>
  <testcase classname="script.BiltyOnboarding" name="verifyBiltyLocality" time="2.902"/>
  <system-out/>
  <testcase classname="script.BiltyOnboarding" name="validateBiltyState" time="4.286"/>
  <system-out/>
  <testcase classname="script.BiltyOnboarding" name="validateBiltyDistrict" time="5.243"/>
  <system-out/>
  <testcase classname="script.BiltyOnboarding" name="validateBiltyPincode" time="4.279"/>
  <system-out/>
  <testcase classname="script.BiltyOnboarding" name="validateBiltyEmail" time="4.202"/>
  <system-out/>
  <testcase classname="script.BiltyOnboarding" name="generateBiltyId" time="2.393"/>
  <system-out/>
  <testcase classname="script.BiltyOnboarding" name="cancelBiltyId" time="1.161"/>
  <system-out/>
  <testcase classname="script.BiltyOnboarding" name="saveBiltyId" time="3.299"/>
  <system-out/>
</testsuite> <!-- script.BiltyOnboarding -->
