<?xml version="1.0" encoding="UTF-8"?>
<!-- Generated by org.testng.reporters.JUnitReportReporter -->
<testsuite hostname="INBNRMARITA" failures="0" tests="10" name="script.GodownFinanceConsumerPayments" time="32.061" errors="0" timestamp="2023-05-16T10:19:13 IST" skipped="0">
  <testcase classname="script.GodownFinanceConsumerPayments" name="validateDateFilteFarmerPaymentsr" time="6.526"/>
  <system-out/>
  <testcase classname="script.GodownFinanceConsumerPayments" name="searchButton" time="0.050"/>
  <system-out/>
  <testcase classname="script.GodownFinanceConsumerPayments" name="resetButton" time="0.042"/>
  <system-out/>
  <testcase classname="script.GodownFinanceConsumerPayments" name="paymentModeConsumer" time="10.714"/>
  <system-out/>
  <testcase classname="script.GodownFinanceConsumerPayments" name="referenceIdConsumer" time="2.545"/>
  <system-out/>
  <testcase classname="script.GodownFinanceConsumerPayments" name="consumerPayments" time="5.124"/>
  <system-out/>
  <testcase classname="script.GodownFinanceConsumerPayments" name="validateDateFilterTransport" time="1.346"/>
  <system-out/>
  <testcase classname="script.GodownFinanceConsumerPayments" name="searchButtonTransport" time="0.032"/>
  <system-out/>
  <testcase classname="script.GodownFinanceConsumerPayments" name="resetButtonTransport" time="0.031"/>
  <system-out/>
  <testcase classname="script.GodownFinanceConsumerPayments" name="transportPayment" time="5.651"/>
  <system-out/>
</testsuite> <!-- script.GodownFinanceConsumerPayments -->
