<?xml version="1.0" encoding="UTF-8"?>
<!-- Generated by org.testng.reporters.JUnitReportReporter -->
<testsuite hostname="Dell-Falca-34ZLN12" failures="0" tests="1" name="script.Verification" time="2.904" errors="0" timestamp="2021-09-14T15:04:51 IST" skipped="0">
  <testcase classname="script.Verification" name="verify" time="2.904"/>
  <system-out/>
</testsuite> <!-- script.Verification -->
