<?xml version="1.0" encoding="UTF-8"?>
<!-- Generated by org.testng.reporters.JUnitReportReporter -->
<testsuite hostname="INBNRMARITA" failures="0" tests="21" name="script.NewLogisticsLoadTrack" time="47.906" errors="0" timestamp="2023-03-21T14:34:31 IST" skipped="0">
  <testcase classname="script.NewLogisticsLoadTrack" name="phoneNumberField" time="6.776"/>
  <system-out/>
  <testcase classname="script.NewLogisticsLoadTrack" name="godownRadioButton" time="0.116"/>
  <system-out/>
  <testcase classname="script.NewLogisticsLoadTrack" name="searchButton" time="0.041"/>
  <system-out/>
  <testcase classname="script.NewLogisticsLoadTrack" name="searchButtonColor" time="0.065"/>
  <system-out/>
  <testcase classname="script.NewLogisticsLoadTrack" name="resetButton" time="0.046"/>
  <system-out/>
  <testcase classname="script.NewLogisticsLoadTrack" name="resetButtonColor" time="0.124"/>
  <system-out/>
  <testcase classname="script.NewLogisticsLoadTrack" name="viewMoreActive" time="0.066"/>
  <system-out/>
  <testcase classname="script.NewLogisticsLoadTrack" name="validateactivecard" time="0.105"/>
  <system-out/>
  <testcase classname="script.NewLogisticsLoadTrack" name="validateLoadIdActive" time="17.409"/>
  <system-out/>
  <testcase classname="script.NewLogisticsLoadTrack" name="invoiceDownloadLoaded" time="4.051"/>
  <system-out/>
  <testcase classname="script.NewLogisticsLoadTrack" name="captureInvoiceId" time="0.122"/>
  <system-out/>
  <testcase classname="script.NewLogisticsLoadTrack" name="viewMoreLoaded" time="0.405"/>
  <system-out/>
  <testcase classname="script.NewLogisticsLoadTrack" name="validateloadedcard" time="0.001"/>
  <system-out/>
  <testcase classname="script.NewLogisticsLoadTrack" name="validateLoadIdLoaded" time="7.144"/>
  <system-out/>
  <testcase classname="script.NewLogisticsLoadTrack" name="invoiceDownloadUnloaded" time="2.514"/>
  <system-out/>
  <testcase classname="script.NewLogisticsLoadTrack" name="viewMoreOptionUnloadedStage" time="0.065"/>
  <system-out/>
  <testcase classname="script.NewLogisticsLoadTrack" name="buyerNameUnloadedStage" time="1.066"/>
  <system-out/>
  <testcase classname="script.NewLogisticsLoadTrack" name="loadIdUnloadedStage" time="0.001"/>
  <system-out/>
  <testcase classname="script.NewLogisticsLoadTrack" name="cropNameUnloadedStage" time="0.000"/>
  <system-out/>
  <testcase classname="script.NewLogisticsLoadTrack" name="validateUnloadedStage" time="7.642"/>
  <system-out/>
  <testcase classname="script.NewLogisticsLoadTrack" name="validateUnloadedStatus" time="0.147"/>
  <system-out/>
</testsuite> <!-- script.NewLogisticsLoadTrack -->
