<?xml version="1.0" encoding="UTF-8"?>
<!-- Generated by org.testng.reporters.JUnitReportReporter -->
<testsuite hostname="INBNRMARITA" failures="0" tests="28" name="script.CreateSalesOrderLogistics" time="122.534" errors="0" timestamp="2023-05-27T10:57:45 IST" skipped="0">
  <testcase classname="script.CreateSalesOrderLogistics" name="buyerLinkValidation" time="5.384"/>
  <system-out/>
  <testcase classname="script.CreateSalesOrderLogistics" name="buyerOnboardingPage" time="3.842"/>
  <system-out/>
  <testcase classname="script.CreateSalesOrderLogistics" name="searchButtonValidation" time="6.636"/>
  <system-out/>
  <testcase classname="script.CreateSalesOrderLogistics" name="searchButtonColor" time="0.077"/>
  <system-out/>
  <testcase classname="script.CreateSalesOrderLogistics" name="validatePhoneNumber" time="7.611"/>
  <system-out/>
  <testcase classname="script.CreateSalesOrderLogistics" name="enterPhoneNumber" time="18.290"/>
  <system-out/>
  <testcase classname="script.CreateSalesOrderLogistics" name="userCardValidation" time="0.142"/>
  <system-out/>
  <testcase classname="script.CreateSalesOrderLogistics" name="validateAddCropBtn" time="0.081"/>
  <system-out/>
  <testcase classname="script.CreateSalesOrderLogistics" name="addCropButton" time="1.586"/>
  <system-out/>
  <testcase classname="script.CreateSalesOrderLogistics" name="addButton" time="0.301"/>
  <system-out/>
  <testcase classname="script.CreateSalesOrderLogistics" name="validateCategory" time="4.185"/>
  <system-out/>
  <testcase classname="script.CreateSalesOrderLogistics" name="validateCropName" time="3.540"/>
  <system-out/>
  <testcase classname="script.CreateSalesOrderLogistics" name="validateQuantity" time="8.611"/>
  <system-out/>
  <testcase classname="script.CreateSalesOrderLogistics" name="enterQuantity" time="1.164"/>
  <system-out/>
  <testcase classname="script.CreateSalesOrderLogistics" name="validateUnit" time="3.595"/>
  <system-out/>
  <testcase classname="script.CreateSalesOrderLogistics" name="validatePrice" time="10.986"/>
  <system-out/>
  <testcase classname="script.CreateSalesOrderLogistics" name="enterPrice" time="1.340"/>
  <system-out/>
  <testcase classname="script.CreateSalesOrderLogistics" name="addCrop" time="0.076"/>
  <system-out>
    <![CDATA[no such element: Unable to locate element: {"method":"xpath","selector":"//div[text()='Crop Added Successfully']"}
  (Session info: chrome=113.0.5672.127)
For documentation on this error, please visit: https://selenium.dev/exceptions/#no_such_element
Build info: version: '4.1.0', revision: '87802e897b'
System info: host: 'INBNRMARITA', ip: '172.26.1.124', os.name: 'Windows 10', os.arch: 'amd64', os.version: '10.0', java.version: '15.0.2'
Driver info: org.openqa.selenium.chrome.ChromeDriver
Command: [1e60d410f045ffaa379d551a87fbe970, findElement {using=xpath, value=//div[text()='Crop Added Successfully']}]
Capabilities {acceptInsecureCerts: false, browserName: chrome, browserVersion: 113.0.5672.127, chrome: {chromedriverVersion: 113.0.5672.63 (0e1a4471d5ae..., userDataDir: C:\Users\5028\AppData\Local...}, goog:chromeOptions: {debuggerAddress: localhost:63386}, javascriptEnabled: true, networkConnectionEnabled: false, pageLoadStrategy: normal, platform: WINDOWS, platformName: WINDOWS, proxy: Proxy(), se:cdp: ws://localhost:63386/devtoo..., se:cdpVersion: 113.0.5672.127, setWindowRect: true, strictFileInteractability: false, timeouts: {implicit: 0, pageLoad: 300000, script: 30000}, unhandledPromptBehavior: dismiss and notify, webauthn:extension:credBlob: true, webauthn:extension:largeBlob: true, webauthn:extension:minPinLength: true, webauthn:extension:prf: true, webauthn:virtualAuthenticators: true}
Session ID: 1e60d410f045ffaa379d551a87fbe970]]>
  </system-out>
  <testcase classname="script.CreateSalesOrderLogistics" name="validateStartDate" time="3.363"/>
  <system-out/>
  <testcase classname="script.CreateSalesOrderLogistics" name="selectStartDate" time="0.505"/>
  <system-out/>
  <testcase classname="script.CreateSalesOrderLogistics" name="validatEndDate" time="2.391"/>
  <system-out/>
  <testcase classname="script.CreateSalesOrderLogistics" name="selectEndDate" time="3.885"/>
  <system-out/>
  <testcase classname="script.CreateSalesOrderLogistics" name="deliveryDistrictValidation" time="21.407"/>
  <system-out/>
  <testcase classname="script.CreateSalesOrderLogistics" name="cancelPoValidation" time="4.509"/>
  <system-out/>
  <testcase classname="script.CreateSalesOrderLogistics" name="generateP0Number" time="2.044"/>
  <system-out/>
  <testcase classname="script.CreateSalesOrderLogistics" name="generatePO" time="4.498"/>
  <system-out/>
  <testcase classname="script.CreateSalesOrderLogistics" name="validateSaveButton" time="1.164"/>
  <system-out/>
  <testcase classname="script.CreateSalesOrderLogistics" name="poCreation" time="1.321"/>
  <system-out/>
</testsuite> <!-- script.CreateSalesOrderLogistics -->
