<?xml version="1.0" encoding="UTF-8"?>
<!-- Generated by org.testng.reporters.JUnitReportReporter -->
<testsuite hostname="INBNRMARITA" failures="0" tests="1" name="script.InvoiceCalculation" time="7.345" errors="0" timestamp="2022-05-23T15:52:15 IST" skipped="0">
  <testcase classname="script.InvoiceCalculation" name="invoiceCalculation" time="7.345"/>
  <system-out/>
</testsuite> <!-- script.InvoiceCalculation -->
