<?xml version="1.0" encoding="UTF-8"?>
<!-- Generated by org.testng.reporters.JUnitReportReporter -->
<testsuite hostname="INBNRMARITA" failures="0" tests="3" name="script.VerifyAdvanceCompletedStatus" time="10.620" errors="0" timestamp="2023-05-29T16:31:21 IST" skipped="0">
  <testcase classname="script.VerifyAdvanceCompletedStatus" name="validateApprovedAdvPageTitle" time="3.850"/>
  <system-out/>
  <testcase classname="script.VerifyAdvanceCompletedStatus" name="validateSummaryCardDetails" time="3.469"/>
  <system-out/>
  <testcase classname="script.VerifyAdvanceCompletedStatus" name="validateCompletedPageStatus" time="3.301"/>
  <system-out/>
</testsuite> <!-- script.VerifyAdvanceCompletedStatus -->
