<?xml version="1.0" encoding="UTF-8"?>
<!-- Generated by org.testng.reporters.JUnitReportReporter -->
<testsuite hostname="INBNRMARITA" failures="0" tests="8" name="script.EditSalesOrderLogistics" time="22.220" errors="0" timestamp="2023-05-27T10:57:45 IST" skipped="0">
  <testcase classname="script.EditSalesOrderLogistics" name="seacrhButton" time="9.309"/>
  <system-out/>
  <testcase classname="script.EditSalesOrderLogistics" name="resetButton" time="2.051"/>
  <system-out/>
  <testcase classname="script.EditSalesOrderLogistics" name="poid" time="3.686"/>
  <system-out/>
  <testcase classname="script.EditSalesOrderLogistics" name="companyName" time="0.220"/>
  <system-out/>
  <testcase classname="script.EditSalesOrderLogistics" name="cropName" time="2.004"/>
  <system-out/>
  <testcase classname="script.EditSalesOrderLogistics" name="editButton" time="1.772"/>
  <system-out/>
  <testcase classname="script.EditSalesOrderLogistics" name="honorDistrict" time="1.902"/>
  <system-out/>
  <testcase classname="script.EditSalesOrderLogistics" name="updateQuantity" time="1.276"/>
  <system-out/>
</testsuite> <!-- script.EditSalesOrderLogistics -->
