<?xml version="1.0" encoding="UTF-8"?>
<!-- Generated by org.testng.reporters.JUnitReportReporter -->
<testsuite hostname="INBNRMARITA" failures="0" tests="4" name="script.MultipleLoadFinancePayments" time="49.017" errors="0" timestamp="2022-07-07T13:21:05 IST" skipped="0">
  <testcase classname="script.MultipleLoadFinancePayments" name="validateDateFilteFarmerPaymentsr" time="9.316"/>
  <system-out/>
  <testcase classname="script.MultipleLoadFinancePayments" name="payButton" time="13.973"/>
  <system-out/>
  <testcase classname="script.MultipleLoadFinancePayments" name="paymentModeConsumer" time="13.865"/>
  <system-out/>
  <testcase classname="script.MultipleLoadFinancePayments" name="validateReferenceNumTransport" time="11.863"/>
  <system-out/>
</testsuite> <!-- script.MultipleLoadFinancePayments -->
