<?xml version="1.0" encoding="UTF-8"?>
<!-- Generated by org.testng.reporters.JUnitReportReporter -->
<testsuite skipped="0" hostname="DESKTOP-ULFBLCU" name="script.HistoricalBO" tests="1" failures="0" timestamp="2021-06-22T15:51:39 IST" time="14.588" errors="0">
  <testcase name="BuyerUser" time="14.588" classname="script.HistoricalBO"/>
  <system-out/>
</testsuite> <!-- script.HistoricalBO -->
