<?xml version="1.0" encoding="UTF-8"?>
<!-- Generated by org.testng.reporters.JUnitReportReporter -->
<testsuite hostname="INBNRMARITA" failures="0" tests="5" name="script.CloseSalesOrderConsumer" time="10.530" errors="0" timestamp="2023-05-27T11:45:54 IST" skipped="0">
  <testcase classname="script.CloseSalesOrderConsumer" name="poClose" time="7.958"/>
  <system-out/>
  <testcase classname="script.CloseSalesOrderConsumer" name="resetButton" time="0.059"/>
  <system-out/>
  <testcase classname="script.CloseSalesOrderConsumer" name="validateCropList" time="0.113"/>
  <system-out/>
  <testcase classname="script.CloseSalesOrderConsumer" name="companyName" time="0.046"/>
  <system-out/>
  <testcase classname="script.CloseSalesOrderConsumer" name="closePO" time="2.354"/>
  <system-out/>
</testsuite> <!-- script.CloseSalesOrderConsumer -->
