<?xml version="1.0" encoding="UTF-8"?>
<!-- Generated by org.testng.reporters.JUnitReportReporter -->
<testsuite hostname="INBNRMARITA" failures="0" tests="10" name="script.GodownFinancePayments" time="69.573" errors="0" timestamp="2023-05-26T18:03:23 IST" skipped="0">
  <testcase classname="script.GodownFinancePayments" name="farmerPayment" time="45.354"/>
  <system-out/>
  <testcase classname="script.GodownFinancePayments" name="searchButton" time="0.109"/>
  <system-out/>
  <testcase classname="script.GodownFinancePayments" name="resetButton" time="0.111"/>
  <system-out/>
  <testcase classname="script.GodownFinancePayments" name="paymentModeFarmer" time="4.724"/>
  <system-out/>
  <testcase classname="script.GodownFinancePayments" name="validateReferenceNumFarmer" time="2.233"/>
  <system-out/>
  <testcase classname="script.GodownFinancePayments" name="enterReferenceNumber" time="5.461"/>
  <system-out/>
  <testcase classname="script.GodownFinancePayments" name="validateDateFilterTransport" time="2.488"/>
  <system-out/>
  <testcase classname="script.GodownFinancePayments" name="searchButtonTransport" time="0.036"/>
  <system-out/>
  <testcase classname="script.GodownFinancePayments" name="resetButtonTransport" time="0.036"/>
  <system-out/>
  <testcase classname="script.GodownFinancePayments" name="validateReferenceNumTransport" time="9.021"/>
  <system-out/>
</testsuite> <!-- script.GodownFinancePayments -->
