<?xml version="1.0" encoding="UTF-8"?>
<!-- Generated by org.testng.reporters.JUnitReportReporter -->
<testsuite hostname="INBNRMARITA" failures="0" tests="1" name="script.NewMultipleLoad" time="109.319" errors="0" timestamp="2022-06-03T15:46:19 IST" skipped="0">
  <testcase classname="script.NewMultipleLoad" name="poApproval" time="109.319"/>
  <system-out/>
</testsuite> <!-- script.NewMultipleLoad -->
