<?xml version="1.0" encoding="UTF-8"?>
<!-- Generated by org.testng.reporters.JUnitReportReporter -->
<testsuite hostname="INBNRMARITA" failures="0" tests="9" name="script.EditBilty" time="37.839" errors="0" timestamp="2023-04-26T18:51:27 IST" skipped="0">
  <testcase classname="script.EditBilty" name="navigateToEditUsers" time="3.552"/>
  <system-out/>
  <testcase classname="script.EditBilty" name="validateEditUsersPage" time="12.334"/>
  <system-out/>
  <testcase classname="script.EditBilty" name="validateDisabledFields" time="0.456"/>
  <system-out/>
  <testcase classname="script.EditBilty" name="validateTraderName" time="4.455"/>
  <system-out/>
  <testcase classname="script.EditBilty" name="validateTraderPhoneNumber" time="4.134"/>
  <system-out/>
  <testcase classname="script.EditBilty" name="validateTraderStreet" time="3.099"/>
  <system-out/>
  <testcase classname="script.EditBilty" name="validateTraderLocality" time="3.016"/>
  <system-out/>
  <testcase classname="script.EditBilty" name="validateTraderPincode" time="4.084"/>
  <system-out/>
  <testcase classname="script.EditBilty" name="validateUpdatebutton" time="2.709"/>
  <system-out/>
</testsuite> <!-- script.EditBilty -->
