<?xml version="1.0" encoding="UTF-8"?>
<!-- Generated by org.testng.reporters.JUnitReportReporter -->
<testsuite hostname="INBNRMARITA" failures="0" tests="34" name="script.LoadCreation" time="84.925" errors="0" timestamp="2023-05-26T18:03:23 IST" skipped="0">
  <testcase classname="script.LoadCreation" name="poApproval" time="0.001"/>
  <system-out/>
  <testcase classname="script.LoadCreation" name="buyerLinkValidation" time="4.498"/>
  <system-out/>
  <testcase classname="script.LoadCreation" name="buyerOnboardingPage" time="0.001"/>
  <system-out/>
  <testcase classname="script.LoadCreation" name="validateSearchButton" time="0.118"/>
  <system-out/>
  <testcase classname="script.LoadCreation" name="validatePhoneNumber" time="7.678"/>
  <system-out/>
  <testcase classname="script.LoadCreation" name="enterPhoneNumber" time="5.036"/>
  <system-out/>
  <testcase classname="script.LoadCreation" name="buyerNameValidation" time="6.689"/>
  <system-out/>
  <testcase classname="script.LoadCreation" name="validateCropName" time="7.271"/>
  <system-out/>
  <testcase classname="script.LoadCreation" name="validatePoId" time="7.872"/>
  <system-out/>
  <testcase classname="script.LoadCreation" name="validateLoadQty" time="3.290"/>
  <system-out/>
  <testcase classname="script.LoadCreation" name="validateUnits" time="3.813"/>
  <system-out/>
  <testcase classname="script.LoadCreation" name="generateLoadIdButton" time="0.072"/>
  <system-out/>
  <testcase classname="script.LoadCreation" name="verifyLoadType" time="1.467"/>
  <system-out/>
  <testcase classname="script.LoadCreation" name="validateQtyExceed" time="1.225"/>
  <system-out/>
  <testcase classname="script.LoadCreation" name="enterQuantity" time="1.721"/>
  <system-out/>
  <testcase classname="script.LoadCreation" name="verifyCancelButton" time="0.168"/>
  <system-out/>
  <testcase classname="script.LoadCreation" name="captureLoadId" time="1.142"/>
  <system-out/>
  <testcase classname="script.LoadCreation" name="searchButton" time="0.187"/>
  <system-out/>
  <testcase classname="script.LoadCreation" name="logisticsLinkValidation" time="0.086"/>
  <system-out/>
  <testcase classname="script.LoadCreation" name="validateLogisticsPhNo" time="5.836"/>
  <system-out/>
  <testcase classname="script.LoadCreation" name="logisticsUserCardValidation" time="0.108"/>
  <system-out/>
  <testcase classname="script.LoadCreation" name="validateDriverName" time="2.631"/>
  <system-out/>
  <testcase classname="script.LoadCreation" name="enterDriverName" time="1.469"/>
  <system-out/>
  <testcase classname="script.LoadCreation" name="validateDriverPhNo" time="1.614"/>
  <system-out/>
  <testcase classname="script.LoadCreation" name="enterDriverNumber" time="1.370"/>
  <system-out/>
  <testcase classname="script.LoadCreation" name="validateLicenceNumber" time="1.631"/>
  <system-out/>
  <testcase classname="script.LoadCreation" name="enterLicenceNumber" time="1.575"/>
  <system-out/>
  <testcase classname="script.LoadCreation" name="validateVehicleNumber" time="1.574"/>
  <system-out/>
  <testcase classname="script.LoadCreation" name="enterVehicleNumber" time="1.439"/>
  <system-out/>
  <testcase classname="script.LoadCreation" name="advanceAmount" time="1.683"/>
  <system-out/>
  <testcase classname="script.LoadCreation" name="createButton" time="0.044"/>
  <system-out/>
  <testcase classname="script.LoadCreation" name="createLoad" time="2.162"/>
  <system-out/>
  <testcase classname="script.LoadCreation" name="editDeleteValidation" time="2.727"/>
  <system-out/>
  <testcase classname="script.LoadCreation" name="editPopup" time="6.727"/>
  <system-out/>
</testsuite> <!-- script.LoadCreation -->
