<?xml version="1.0" encoding="UTF-8"?>
<!-- Generated by org.testng.reporters.JUnitReportReporter -->
<testsuite hostname="INBNRMARITA" failures="0" tests="22" name="script.BiltyTransaction" time="86.328" errors="0" timestamp="2023-05-27T11:45:54 IST" skipped="0">
  <testcase classname="script.BiltyTransaction" name="farmerLinkValidation" time="7.088"/>
  <system-out/>
  <testcase classname="script.BiltyTransaction" name="searchButtonValidation" time="2.846"/>
  <system-out/>
  <testcase classname="script.BiltyTransaction" name="validateSearchBtn" time="0.046"/>
  <system-out/>
  <testcase classname="script.BiltyTransaction" name="validatePhoneNumber" time="5.552"/>
  <system-out/>
  <testcase classname="script.BiltyTransaction" name="enterPhoneNumber" time="17.005"/>
  <system-out/>
  <testcase classname="script.BiltyTransaction" name="userCardValidation" time="1.061"/>
  <system-out/>
  <testcase classname="script.BiltyTransaction" name="validateAddCropBtn" time="1.299"/>
  <system-out/>
  <testcase classname="script.BiltyTransaction" name="saveButton" time="0.104"/>
  <system-out/>
  <testcase classname="script.BiltyTransaction" name="validateCategory" time="3.811"/>
  <system-out/>
  <testcase classname="script.BiltyTransaction" name="ValidateCropName" time="1.290"/>
  <system-out/>
  <testcase classname="script.BiltyTransaction" name="validateQuantity" time="1.525"/>
  <system-out/>
  <testcase classname="script.BiltyTransaction" name="enterQuantity" time="0.186"/>
  <system-out/>
  <testcase classname="script.BiltyTransaction" name="validateUnits" time="4.708"/>
  <system-out/>
  <testcase classname="script.BiltyTransaction" name="validateGrade" time="3.644"/>
  <system-out/>
  <testcase classname="script.BiltyTransaction" name="validateBasePrice" time="2.190"/>
  <system-out/>
  <testcase classname="script.BiltyTransaction" name="enterBasePrice" time="0.238"/>
  <system-out/>
  <testcase classname="script.BiltyTransaction" name="addCrop" time="0.479"/>
  <system-out/>
  <testcase classname="script.BiltyTransaction" name="validateSearchButton" time="12.567"/>
  <system-out/>
  <testcase classname="script.BiltyTransaction" name="validateAssignButton" time="2.578"/>
  <system-out/>
  <testcase classname="script.BiltyTransaction" name="assignLoad" time="12.549"/>
  <system-out/>
  <testcase classname="script.BiltyTransaction" name="saveInvoiceNumber" time="3.299"/>
  <system-out/>
  <testcase classname="script.BiltyTransaction" name="userDetails" time="2.263"/>
  <system-out/>
</testsuite> <!-- script.BiltyTransaction -->
