<?xml version="1.0" encoding="UTF-8"?>
<!-- Generated by org.testng.reporters.JUnitReportReporter -->
<testsuite hostname="INBNRMARITA" failures="0" tests="10" name="script.CreateGodownPO" time="47.166" errors="0" timestamp="2022-07-19T16:10:45 IST" skipped="0">
  <testcase classname="script.CreateGodownPO" name="buyerLinkValidation" time="3.143"/>
  <system-out/>
  <testcase classname="script.CreateGodownPO" name="enterPhoneNumber" time="13.881"/>
  <system-out/>
  <testcase classname="script.CreateGodownPO" name="addCropButton" time="1.127"/>
  <system-out/>
  <testcase classname="script.CreateGodownPO" name="validateCategory" time="2.372"/>
  <system-out/>
  <testcase classname="script.CreateGodownPO" name="validateCropName" time="3.290"/>
  <system-out/>
  <testcase classname="script.CreateGodownPO" name="enterQuantity" time="1.113"/>
  <system-out/>
  <testcase classname="script.CreateGodownPO" name="validateUnit" time="2.323"/>
  <system-out/>
  <testcase classname="script.CreateGodownPO" name="validateUnloadedStatus" time="10.165"/>
  <system-out>
    <![CDATA[no such element: Unable to locate element: {"method":"xpath","selector":"//div[text()='SO already exist for this district']"}
  (Session info: chrome=103.0.5060.114)
For documentation on this error, please visit: https://www.seleniumhq.org/exceptions/no_such_element.html
Build info: version: '3.141.59', revision: 'e82be7d358', time: '2018-11-14T08:25:48'
System info: host: 'INBNRMARITA', ip: '172.27.1.157', os.name: 'Windows 10', os.arch: 'amd64', os.version: '10.0', java.version: '15.0.2'
Driver info: org.openqa.selenium.chrome.ChromeDriver
Capabilities {acceptInsecureCerts: false, browserName: chrome, browserVersion: 103.0.5060.114, chrome: {chromedriverVersion: 103.0.5060.53 (a1711811edd7..., userDataDir: C:\Users\5028\AppData\Local...}, goog:chromeOptions: {debuggerAddress: localhost:54694}, javascriptEnabled: true, networkConnectionEnabled: false, pageLoadStrategy: normal, platform: WINDOWS, platformName: WINDOWS, proxy: Proxy(), setWindowRect: true, strictFileInteractability: false, timeouts: {implicit: 0, pageLoad: 300000, script: 30000}, unhandledPromptBehavior: dismiss and notify, webauthn:extension:credBlob: true, webauthn:extension:largeBlob: true, webauthn:virtualAuthenticators: true}
Session ID: 260a84a22180ae30e6280e3ee0dbf733
*** Element info: {Using=xpath, value=//div[text()='SO already exist for this district']}]]>
  </system-out>
  <testcase classname="script.CreateGodownPO" name="selectStartDate" time="0.279"/>
  <system-out/>
  <testcase classname="script.CreateGodownPO" name="selectEndDate" time="9.473"/>
  <system-out/>
</testsuite> <!-- script.CreateGodownPO -->
