<?xml version="1.0" encoding="UTF-8"?>
<!-- Generated by org.testng.reporters.JUnitReportReporter -->
<testsuite hostname="INBNRMARITA" failures="0" tests="3" name="script.EditLogistics" time="13.772" errors="0" timestamp="2022-01-19T00:15:27 IST" skipped="0">
  <testcase classname="script.EditLogistics" name="checkStateDistrict" time="11.376"/>
  <system-out/>
  <testcase classname="script.EditLogistics" name="editPincode" time="1.186"/>
  <system-out/>
  <testcase classname="script.EditLogistics" name="addCropsGrown" time="1.210"/>
  <system-out/>
</testsuite> <!-- script.EditLogistics -->
