<?xml version="1.0" encoding="UTF-8"?>
<!-- Generated by org.testng.reporters.JUnitReportReporter -->
<testsuite hostname="INBNRMARITA" failures="0" tests="10" name="script.LogFinanceConsPayments" time="33.323" errors="0" timestamp="2023-05-27T10:57:45 IST" skipped="0">
  <testcase classname="script.LogFinanceConsPayments" name="validateDateFilteFarmerPaymentsr" time="7.183"/>
  <system-out/>
  <testcase classname="script.LogFinanceConsPayments" name="searchButton" time="0.062"/>
  <system-out/>
  <testcase classname="script.LogFinanceConsPayments" name="resetButton" time="0.058"/>
  <system-out/>
  <testcase classname="script.LogFinanceConsPayments" name="paymentModeConsumer" time="9.850"/>
  <system-out/>
  <testcase classname="script.LogFinanceConsPayments" name="referenceIdConsumer" time="2.810"/>
  <system-out/>
  <testcase classname="script.LogFinanceConsPayments" name="consumerPayments" time="5.461"/>
  <system-out/>
  <testcase classname="script.LogFinanceConsPayments" name="validateDateFilterTransport" time="1.870"/>
  <system-out/>
  <testcase classname="script.LogFinanceConsPayments" name="searchButtonTransport" time="0.225"/>
  <system-out/>
  <testcase classname="script.LogFinanceConsPayments" name="resetButtonTransport" time="0.082"/>
  <system-out/>
  <testcase classname="script.LogFinanceConsPayments" name="transportPayment" time="5.722"/>
  <system-out/>
</testsuite> <!-- script.LogFinanceConsPayments -->
