<?xml version="1.0" encoding="UTF-8"?>
<!-- Generated by org.testng.reporters.JUnitReportReporter -->
<testsuite hostname="INBNRMARITA" failures="0" tests="35" name="script.FarmerTransactionMultipleLoad" time="135.714" errors="0" timestamp="2022-06-07T16:20:52 IST" skipped="0">
  <testcase classname="script.FarmerTransactionMultipleLoad" name="farmerLinkValidation" time="6.017"/>
  <system-out/>
  <testcase classname="script.FarmerTransactionMultipleLoad" name="farmerOnboardingPage" time="3.401"/>
  <system-out/>
  <testcase classname="script.FarmerTransactionMultipleLoad" name="searchButtonValidation" time="0.053"/>
  <system-out/>
  <testcase classname="script.FarmerTransactionMultipleLoad" name="validateSearchBtn" time="0.048"/>
  <system-out/>
  <testcase classname="script.FarmerTransactionMultipleLoad" name="validatePhoneNumber" time="5.668"/>
  <system-out/>
  <testcase classname="script.FarmerTransactionMultipleLoad" name="enterPhoneNumber" time="14.098"/>
  <system-out/>
  <testcase classname="script.FarmerTransactionMultipleLoad" name="userCardValidation" time="1.043"/>
  <system-out/>
  <testcase classname="script.FarmerTransactionMultipleLoad" name="validateAddCropBtn" time="2.207"/>
  <system-out/>
  <testcase classname="script.FarmerTransactionMultipleLoad" name="saveButton" time="2.079"/>
  <system-out/>
  <testcase classname="script.FarmerTransactionMultipleLoad" name="validateCategory" time="4.523"/>
  <system-out/>
  <testcase classname="script.FarmerTransactionMultipleLoad" name="ValidateCropName" time="3.202"/>
  <system-out/>
  <testcase classname="script.FarmerTransactionMultipleLoad" name="validateQuantity" time="0.526"/>
  <system-out/>
  <testcase classname="script.FarmerTransactionMultipleLoad" name="enterQuantity" time="0.090"/>
  <system-out/>
  <testcase classname="script.FarmerTransactionMultipleLoad" name="validateUnits" time="3.343"/>
  <system-out/>
  <testcase classname="script.FarmerTransactionMultipleLoad" name="validateGrade" time="0.241"/>
  <system-out/>
  <testcase classname="script.FarmerTransactionMultipleLoad" name="validateBasePrice" time="1.499"/>
  <system-out/>
  <testcase classname="script.FarmerTransactionMultipleLoad" name="enterBasePrice" time="0.094"/>
  <system-out/>
  <testcase classname="script.FarmerTransactionMultipleLoad" name="validateSoot" time="1.500"/>
  <system-out/>
  <testcase classname="script.FarmerTransactionMultipleLoad" name="enterSoot" time="1.164"/>
  <system-out/>
  <testcase classname="script.FarmerTransactionMultipleLoad" name="addCrop" time="0.076"/>
  <system-out/>
  <testcase classname="script.FarmerTransactionMultipleLoad" name="addMiscButton" time="2.038"/>
  <system-out/>
  <testcase classname="script.FarmerTransactionMultipleLoad" name="addMisc" time="4.450"/>
  <system-out/>
  <testcase classname="script.FarmerTransactionMultipleLoad" name="validateMisc" time="2.476"/>
  <system-out/>
  <testcase classname="script.FarmerTransactionMultipleLoad" name="deleteIconValidation" time="0.072"/>
  <system-out/>
  <testcase classname="script.FarmerTransactionMultipleLoad" name="searchButton" time="2.033"/>
  <system-out/>
  <testcase classname="script.FarmerTransactionMultipleLoad" name="validateSearchButton" time="15.555"/>
  <system-out>
    <![CDATA[no such element: Unable to locate element: {"method":"xpath","selector":"//div[text()=' Select State']"}
  (Session info: chrome=102.0.5005.63)
For documentation on this error, please visit: https://www.seleniumhq.org/exceptions/no_such_element.html
Build info: version: '3.141.59', revision: 'e82be7d358', time: '2018-11-14T08:25:48'
System info: host: 'INBNRMARITA', ip: '172.27.1.209', os.name: 'Windows 10', os.arch: 'amd64', os.version: '10.0', java.version: '15.0.2'
Driver info: org.openqa.selenium.chrome.ChromeDriver
Capabilities {acceptInsecureCerts: false, browserName: chrome, browserVersion: 102.0.5005.63, chrome: {chromedriverVersion: 101.0.4951.41 (93c720db8323..., userDataDir: C:\Users\5028\AppData\Local...}, goog:chromeOptions: {debuggerAddress: localhost:54886}, javascriptEnabled: true, networkConnectionEnabled: false, pageLoadStrategy: normal, platform: WINDOWS, platformName: WINDOWS, proxy: Proxy(), setWindowRect: true, strictFileInteractability: false, timeouts: {implicit: 0, pageLoad: 300000, script: 30000}, unhandledPromptBehavior: dismiss and notify, webauthn:extension:credBlob: true, webauthn:extension:largeBlob: true, webauthn:virtualAuthenticators: true}
Session ID: d8e3a47d059701164c348ee5a3f8fefa
*** Element info: {Using=xpath, value=//div[text()=' Select State']}]]>
  </system-out>
  <testcase classname="script.FarmerTransactionMultipleLoad" name="validateAssignButton" time="2.272"/>
  <system-out/>
  <testcase classname="script.FarmerTransactionMultipleLoad" name="assignLoad" time="26.219"/>
  <system-out/>
  <testcase classname="script.FarmerTransactionMultipleLoad" name="saveInvoiceNumber" time="5.100"/>
  <system-out/>
  <testcase classname="script.FarmerTransactionMultipleLoad" name="invoice" time="17.192"/>
  <system-out/>
  <testcase classname="script.FarmerTransactionMultipleLoad" name="invoiceDownloadOption" time="2.048"/>
  <system-out/>
  <testcase classname="script.FarmerTransactionMultipleLoad" name="updateSoot" time="2.047"/>
  <system-out/>
  <testcase classname="script.FarmerTransactionMultipleLoad" name="transaction" time="0.070"/>
  <system-out/>
  <testcase classname="script.FarmerTransactionMultipleLoad" name="confirmStamp" time="1.037"/>
  <system-out/>
  <testcase classname="script.FarmerTransactionMultipleLoad" name="userDetails" time="2.233"/>
  <system-out/>
</testsuite> <!-- script.FarmerTransactionMultipleLoad -->
