<?xml version="1.0" encoding="UTF-8"?>
<!-- Generated by org.testng.reporters.JUnitReportReporter -->
<testsuite hostname="INBNRMARITA" failures="0" tests="24" name="script.NewEditPurchaseOrder" time="41.422" errors="0" timestamp="2023-03-15T17:23:56 IST" skipped="0">
  <testcase classname="script.NewEditPurchaseOrder" name="searchButton" time="7.189"/>
  <system-out/>
  <testcase classname="script.NewEditPurchaseOrder" name="searchButton" time="7.525"/>
  <system-out/>
  <testcase classname="script.NewEditPurchaseOrder" name="searchButton" time="7.236"/>
  <system-out/>
  <testcase classname="script.NewEditPurchaseOrder" name="resetButton" time="0.042"/>
  <system-out/>
  <testcase classname="script.NewEditPurchaseOrder" name="resetButton" time="0.044"/>
  <system-out/>
  <testcase classname="script.NewEditPurchaseOrder" name="resetButton" time="0.072"/>
  <system-out/>
  <testcase classname="script.NewEditPurchaseOrder" name="poid" time="3.099"/>
  <system-out/>
  <testcase classname="script.NewEditPurchaseOrder" name="poid" time="3.121"/>
  <system-out/>
  <testcase classname="script.NewEditPurchaseOrder" name="poid" time="3.142"/>
  <system-out/>
  <testcase classname="script.NewEditPurchaseOrder" name="companyName" time="0.056"/>
  <system-out/>
  <testcase classname="script.NewEditPurchaseOrder" name="companyName" time="0.057"/>
  <system-out/>
  <testcase classname="script.NewEditPurchaseOrder" name="companyName" time="0.048"/>
  <system-out/>
  <testcase classname="script.NewEditPurchaseOrder" name="cropName" time="1.202"/>
  <system-out/>
  <testcase classname="script.NewEditPurchaseOrder" name="cropName" time="1.132"/>
  <system-out/>
  <testcase classname="script.NewEditPurchaseOrder" name="cropName" time="1.189"/>
  <system-out/>
  <testcase classname="script.NewEditPurchaseOrder" name="editButton" time="0.612"/>
  <system-out/>
  <testcase classname="script.NewEditPurchaseOrder" name="editButton" time="0.600"/>
  <system-out/>
  <testcase classname="script.NewEditPurchaseOrder" name="editButton" time="0.355"/>
  <system-out/>
  <testcase classname="script.NewEditPurchaseOrder" name="honorDistrict" time="0.073"/>
  <system-out/>
  <testcase classname="script.NewEditPurchaseOrder" name="honorDistrict" time="0.239"/>
  <system-out/>
  <testcase classname="script.NewEditPurchaseOrder" name="honorDistrict" time="0.500"/>
  <system-out/>
  <testcase classname="script.NewEditPurchaseOrder" name="updateQuantity" time="1.122"/>
  <system-out/>
  <testcase classname="script.NewEditPurchaseOrder" name="updateQuantity" time="1.183"/>
  <system-out/>
  <testcase classname="script.NewEditPurchaseOrder" name="updateQuantity" time="1.584"/>
  <system-out/>
</testsuite> <!-- script.NewEditPurchaseOrder -->
