<?xml version="1.0" encoding="UTF-8"?>
<!-- Generated by org.testng.reporters.JUnitReportReporter -->
<testsuite hostname="INBNRMARITA" failures="0" tests="12" name="script.AdvanceRequest" time="25.261" errors="0" timestamp="2023-05-29T16:31:21 IST" skipped="0">
  <testcase classname="script.AdvanceRequest" name="validateFinanceAdvancePageStatus" time="3.279"/>
  <system-out/>
  <testcase classname="script.AdvanceRequest" name="validateFinanceAdvancePageStatus" time="7.106"/>
  <system-out/>
  <testcase classname="script.AdvanceRequest" name="validateRequestAdvancePage" time="3.649"/>
  <system-out/>
  <testcase classname="script.AdvanceRequest" name="validateRequestAdvancePage" time="3.426"/>
  <system-out/>
  <testcase classname="script.AdvanceRequest" name="validateAdvanceAmountFieldErrorMessages" time="1.122"/>
  <system-out/>
  <testcase classname="script.AdvanceRequest" name="validateAdvanceAmountFieldErrorMessages" time="1.547"/>
  <system-out/>
  <testcase classname="script.AdvanceRequest" name="validateRequestButtonCssProperties" time="0.055"/>
  <system-out/>
  <testcase classname="script.AdvanceRequest" name="validateRequestButtonCssProperties" time="0.135"/>
  <system-out/>
  <testcase classname="script.AdvanceRequest" name="validateEnterPaymentDateErrorMsg" time="1.800"/>
  <system-out/>
  <testcase classname="script.AdvanceRequest" name="validateEnterPaymentDateErrorMsg" time="1.627"/>
  <system-out/>
  <testcase classname="script.AdvanceRequest" name="validateSuccessToastMsg" time="0.641"/>
  <system-out/>
  <testcase classname="script.AdvanceRequest" name="validateSuccessToastMsg" time="0.874"/>
  <system-out/>
</testsuite> <!-- script.AdvanceRequest -->
