<?xml version="1.0" encoding="UTF-8"?>
<!-- Generated by org.testng.reporters.JUnitReportReporter -->
<testsuite hostname="INBNRMARITA" failures="0" tests="35" name="script.FarmerTransaction" time="140.744" errors="0" timestamp="2023-05-26T13:53:04 IST" skipped="0">
  <testcase classname="script.FarmerTransaction" name="farmerLinkValidation" time="6.595"/>
  <system-out/>
  <testcase classname="script.FarmerTransaction" name="searchButtonValidation" time="2.533"/>
  <system-out/>
  <testcase classname="script.FarmerTransaction" name="validateSearchBtn" time="0.113"/>
  <system-out/>
  <testcase classname="script.FarmerTransaction" name="validatePhoneNumber" time="5.631"/>
  <system-out/>
  <testcase classname="script.FarmerTransaction" name="enterPhoneNumber" time="16.561"/>
  <system-out/>
  <testcase classname="script.FarmerTransaction" name="userCardValidation" time="1.057"/>
  <system-out/>
  <testcase classname="script.FarmerTransaction" name="validateAddCropBtn" time="1.275"/>
  <system-out/>
  <testcase classname="script.FarmerTransaction" name="saveButton" time="0.147"/>
  <system-out/>
  <testcase classname="script.FarmerTransaction" name="validateCategory" time="3.019"/>
  <system-out/>
  <testcase classname="script.FarmerTransaction" name="validateCropName" time="1.244"/>
  <system-out/>
  <testcase classname="script.FarmerTransaction" name="validateQuantity" time="1.723"/>
  <system-out/>
  <testcase classname="script.FarmerTransaction" name="enterQuantity" time="0.157"/>
  <system-out/>
  <testcase classname="script.FarmerTransaction" name="validateUnits" time="4.696"/>
  <system-out/>
  <testcase classname="script.FarmerTransaction" name="validateGrade" time="3.536"/>
  <system-out/>
  <testcase classname="script.FarmerTransaction" name="validateBasePrice" time="2.093"/>
  <system-out/>
  <testcase classname="script.FarmerTransaction" name="enterBasePrice" time="0.140"/>
  <system-out/>
  <testcase classname="script.FarmerTransaction" name="validateSoot" time="2.009"/>
  <system-out/>
  <testcase classname="script.FarmerTransaction" name="enterSoot" time="1.558"/>
  <system-out/>
  <testcase classname="script.FarmerTransaction" name="addCrop" time="0.417"/>
  <system-out/>
  <testcase classname="script.FarmerTransaction" name="addMiscButton" time="0.209"/>
  <system-out/>
  <testcase classname="script.FarmerTransaction" name="addMisc" time="2.633"/>
  <system-out/>
  <testcase classname="script.FarmerTransaction" name="validateMisc" time="3.701"/>
  <system-out/>
  <testcase classname="script.FarmerTransaction" name="deleteIconValidation" time="1.143"/>
  <system-out/>
  <testcase classname="script.FarmerTransaction" name="searchButton" time="0.051"/>
  <system-out/>
  <testcase classname="script.FarmerTransaction" name="validateSearchButton" time="13.996"/>
  <system-out/>
  <testcase classname="script.FarmerTransaction" name="validateAssignButton" time="2.356"/>
  <system-out/>
  <testcase classname="script.FarmerTransaction" name="assignLoad" time="11.533"/>
  <system-out/>
  <testcase classname="script.FarmerTransaction" name="saveInvoiceNumber" time="3.158"/>
  <system-out/>
  <testcase classname="script.FarmerTransaction" name="totalPriceCalculation" time="0.063"/>
  <system-out/>
  <testcase classname="script.FarmerTransaction" name="invoice" time="13.259"/>
  <system-out/>
  <testcase classname="script.FarmerTransaction" name="invoiceDownloadOption" time="2.092"/>
  <system-out/>
  <testcase classname="script.FarmerTransaction" name="updateSoot" time="27.592"/>
  <system-out/>
  <testcase classname="script.FarmerTransaction" name="transaction" time="0.166"/>
  <system-out/>
  <testcase classname="script.FarmerTransaction" name="confirmStamp" time="2.080"/>
  <system-out/>
  <testcase classname="script.FarmerTransaction" name="userDetails" time="2.208"/>
  <system-out/>
</testsuite> <!-- script.FarmerTransaction -->
