<?xml version="1.0" encoding="UTF-8"?>
<!-- Generated by org.testng.reporters.JUnitReportReporter -->
<testsuite skipped="0" hostname="DESKTOP-ULFBLCU" name="script.ToastMessageA" tests="3" failures="0" timestamp="2021-06-25T11:12:41 IST" time="8.055" errors="0">
  <testcase name="testA" time="4.679" classname="script.ToastMessageA"/>
  <system-out/>
  <testcase name="testB" time="0.125" classname="script.ToastMessageA"/>
  <system-out/>
  <testcase name="testC" time="3.251" classname="script.ToastMessageA"/>
  <system-out/>
</testsuite> <!-- script.ToastMessageA -->
