<?xml version="1.0" encoding="UTF-8"?>
<!-- Generated by org.testng.reporters.JUnitReportReporter -->
<testsuite hostname="INBNRMARITA" failures="0" tests="4" name="script.GodownAdminTransPayments" time="18.552" errors="0" timestamp="2023-05-27T10:57:45 IST" skipped="0">
  <testcase classname="script.GodownAdminTransPayments" name="dateFilterTransportPayments" time="7.269"/>
  <system-out/>
  <testcase classname="script.GodownAdminTransPayments" name="searchButton" time="0.090"/>
  <system-out/>
  <testcase classname="script.GodownAdminTransPayments" name="resetButton" time="0.151"/>
  <system-out/>
  <testcase classname="script.GodownAdminTransPayments" name="transportPayments" time="11.042"/>
  <system-out/>
</testsuite> <!-- script.GodownAdminTransPayments -->
