<?xml version="1.0" encoding="UTF-8"?>
<!-- Generated by org.testng.reporters.JUnitReportReporter -->
<testsuite hostname="INBNRMARITA" failures="0" tests="1" name="script.BiltyOnborad" time="21.954" errors="0" timestamp="2022-06-29T12:07:49 IST" skipped="0">
  <testcase classname="script.BiltyOnborad" name="biltyOnboard" time="21.954"/>
  <system-out/>
</testsuite> <!-- script.BiltyOnborad -->
