<?xml version="1.0" encoding="UTF-8"?>
<!-- Generated by org.testng.reporters.JUnitReportReporter -->
<testsuite hostname="Dell-Falca-34ZLN12" failures="0" tests="1" name="script.MongoUserDelete" time="1.516" errors="0" timestamp="2021-08-12T17:05:54 IST" skipped="0">
  <testcase classname="script.MongoUserDelete" name="DeleteUser" time="1.516"/>
  <system-out/>
</testsuite> <!-- script.MongoUserDelete -->
