<?xml version="1.0" encoding="UTF-8"?>
<!-- Generated by org.testng.reporters.JUnitReportReporter -->
<testsuite hostname="INBNRMARITA" failures="0" tests="1" name="script.TraderOnboard" time="22.126" errors="0" timestamp="2022-06-29T12:07:49 IST" skipped="0">
  <testcase classname="script.TraderOnboard" name="traderOnboard" time="22.126"/>
  <system-out/>
</testsuite> <!-- script.TraderOnboard -->
