<?xml version="1.0" encoding="UTF-8"?>
<!-- Generated by org.testng.reporters.JUnitReportReporter -->
<testsuite hostname="INBNRMARITA" failures="0" tests="5" name="script.NewAdminPaymentCloseConsumer" time="23.336" errors="0" timestamp="2023-03-24T16:13:42 IST" skipped="0">
  <testcase classname="script.NewAdminPaymentCloseConsumer" name="dateFilter" time="12.442"/>
  <system-out/>
  <testcase classname="script.NewAdminPaymentCloseConsumer" name="searchButton" time="0.032"/>
  <system-out/>
  <testcase classname="script.NewAdminPaymentCloseConsumer" name="resetButton" time="2.049"/>
  <system-out/>
  <testcase classname="script.NewAdminPaymentCloseConsumer" name="downloadButton" time="3.159"/>
  <system-out/>
  <testcase classname="script.NewAdminPaymentCloseConsumer" name="closePayments" time="5.654"/>
  <system-out/>
</testsuite> <!-- script.NewAdminPaymentCloseConsumer -->
