<?xml version="1.0" encoding="UTF-8"?>
<!-- Generated by org.testng.reporters.JUnitReportReporter -->
<testsuite hostname="INBNRMARITA" failures="0" tests="3" name="script.LoadTrackGodown" time="23.510" errors="0" timestamp="2022-07-19T16:10:45 IST" skipped="0">
  <testcase classname="script.LoadTrackGodown" name="validateActiveStage" time="15.755"/>
  <system-out/>
  <testcase classname="script.LoadTrackGodown" name="enterTransportAmount" time="5.191"/>
  <system-out/>
  <testcase classname="script.LoadTrackGodown" name="validateLoadedStage" time="2.564"/>
  <system-out/>
</testsuite> <!-- script.LoadTrackGodown -->
