<?xml version="1.0" encoding="UTF-8"?>
<!-- Generated by org.testng.reporters.JUnitReportReporter -->
<testsuite hostname="INBNRMARITA" failures="0" tests="12" name="script.EditFarmer" time="78.425" errors="0" timestamp="2023-03-29T11:12:49 IST" skipped="0">
  <testcase classname="script.EditFarmer" name="editFarmerDetails" time="52.680"/>
  <system-out/>
  <testcase classname="script.EditFarmer" name="validateEditUserURL" time="11.204"/>
  <system-out/>
  <testcase classname="script.EditFarmer" name="validateStreeetField" time="0.126"/>
  <system-out/>
  <testcase classname="script.EditFarmer" name="validateLocality" time="0.166"/>
  <system-out/>
  <testcase classname="script.EditFarmer" name="validatePinCode" time="0.058"/>
  <system-out/>
  <testcase classname="script.EditFarmer" name="validateFarmerName" time="0.064"/>
  <system-out/>
  <testcase classname="script.EditFarmer" name="validateFarmergender" time="0.055"/>
  <system-out/>
  <testcase classname="script.EditFarmer" name="validateNumberOfAcers" time="0.235"/>
  <system-out/>
  <testcase classname="script.EditFarmer" name="validateCropsGrownFieldDetails" time="0.236"/>
  <system-out/>
  <testcase classname="script.EditFarmer" name="validateMachinery" time="0.253"/>
  <system-out/>
  <testcase classname="script.EditFarmer" name="validateFarmerBankDetails" time="0.082"/>
  <system-out/>
  <testcase classname="script.EditFarmer" name="validateExstingAccountToastMessage" time="13.266"/>
  <system-out/>
</testsuite> <!-- script.EditFarmer -->
