<?xml version="1.0" encoding="UTF-8"?>
<!-- Generated by org.testng.reporters.JUnitReportReporter -->
<testsuite hostname="INBNRMARITA" failures="0" tests="5" name="script.NewClosePoLogistics" time="13.852" errors="0" timestamp="2023-03-21T14:34:31 IST" skipped="0">
  <testcase classname="script.NewClosePoLogistics" name="poClose" time="11.071"/>
  <system-out/>
  <testcase classname="script.NewClosePoLogistics" name="resetButton" time="0.046"/>
  <system-out/>
  <testcase classname="script.NewClosePoLogistics" name="validateCropList" time="0.110"/>
  <system-out/>
  <testcase classname="script.NewClosePoLogistics" name="companyName" time="0.232"/>
  <system-out/>
  <testcase classname="script.NewClosePoLogistics" name="closePO" time="2.393"/>
  <system-out/>
</testsuite> <!-- script.NewClosePoLogistics -->
