<?xml version="1.0" encoding="UTF-8"?>
<!-- Generated by org.testng.reporters.JUnitReportReporter -->
<testsuite hostname="INBNRMARITA" failures="0" tests="20" name="script.FPOOnboarding" time="112.455" errors="0" timestamp="2023-04-26T18:51:27 IST" skipped="0">
  <testcase classname="script.FPOOnboarding" name="validatePageHeadline" time="4.617"/>
  <system-out/>
  <testcase classname="script.FPOOnboarding" name="validateGenerateId" time="4.575"/>
  <system-out/>
  <testcase classname="script.FPOOnboarding" name="validateFPOName" time="3.233"/>
  <system-out/>
  <testcase classname="script.FPOOnboarding" name="validateFPOPhoneNumber" time="6.787"/>
  <system-out/>
  <testcase classname="script.FPOOnboarding" name="validateFPOEmail" time="9.311"/>
  <system-out/>
  <testcase classname="script.FPOOnboarding" name="validateNoOfFarmer" time="8.899"/>
  <system-out/>
  <testcase classname="script.FPOOnboarding" name="validateFPOStreet" time="8.637"/>
  <system-out/>
  <testcase classname="script.FPOOnboarding" name="validateFPOLocality" time="4.114"/>
  <system-out/>
  <testcase classname="script.FPOOnboarding" name="validateFPOState" time="4.136"/>
  <system-out/>
  <testcase classname="script.FPOOnboarding" name="validateFPODistrict" time="3.715"/>
  <system-out/>
  <testcase classname="script.FPOOnboarding" name="validateFPOPincode" time="5.883"/>
  <system-out/>
  <testcase classname="script.FPOOnboarding" name="validateFPOCrops" time="4.714"/>
  <system-out/>
  <testcase classname="script.FPOOnboarding" name="validateFPOCEOName" time="4.222"/>
  <system-out/>
  <testcase classname="script.FPOOnboarding" name="validateFPOCEOPhoneNumber" time="3.200"/>
  <system-out/>
  <testcase classname="script.FPOOnboarding" name="validateFPOCEOEmail" time="6.414"/>
  <system-out/>
  <testcase classname="script.FPOOnboarding" name="validateFPOFshopDetails" time="14.604"/>
  <system-out/>
  <testcase classname="script.FPOOnboarding" name="deleteAndAddFPOFshopDetails" time="7.403"/>
  <system-out/>
  <testcase classname="script.FPOOnboarding" name="generateFPOId" time="4.011"/>
  <system-out/>
  <testcase classname="script.FPOOnboarding" name="cancelFPOId" time="1.561"/>
  <system-out/>
  <testcase classname="script.FPOOnboarding" name="saveFPOId" time="2.419"/>
  <system-out/>
</testsuite> <!-- script.FPOOnboarding -->
