<?xml version="1.0" encoding="UTF-8"?>
<!-- Generated by org.testng.reporters.JUnitReportReporter -->
<testsuite hostname="INBNRMARITA" failures="0" tests="1" name="script.Testing" time="0.032" errors="0" timestamp="2022-03-29T16:36:22 IST" skipped="0">
  <testcase classname="script.Testing" name="validateGenerateId" time="0.032"/>
  <system-out/>
</testsuite> <!-- script.Testing -->
