<?xml version="1.0" encoding="UTF-8"?>
<!-- Generated by org.testng.reporters.JUnitReportReporter -->
<testsuite hostname="INBNRMARITA" failures="0" tests="3" name="script.ApprovedStatus" time="6.380" errors="0" timestamp="2023-05-29T16:31:21 IST" skipped="0">
  <testcase classname="script.ApprovedStatus" name="validatePageTitle" time="2.839"/>
  <system-out/>
  <testcase classname="script.ApprovedStatus" name="validateCommentTextCssValue" time="3.263"/>
  <system-out/>
  <testcase classname="script.ApprovedStatus" name="validateManagerComment" time="0.278"/>
  <system-out/>
</testsuite> <!-- script.ApprovedStatus -->
