<?xml version="1.0" encoding="UTF-8"?>
<!-- Generated by org.testng.reporters.JUnitReportReporter -->
<testsuite hostname="INBNRMARITA" failures="0" tests="4" name="script.MultipleLoadAdminPayments" time="35.368" errors="0" timestamp="2022-07-07T13:21:05 IST" skipped="0">
  <testcase classname="script.MultipleLoadAdminPayments" name="dateFilterFarmerPayments" time="8.235"/>
  <system-out/>
  <testcase classname="script.MultipleLoadAdminPayments" name="approvePayments" time="4.479"/>
  <system-out/>
  <testcase classname="script.MultipleLoadAdminPayments" name="invoiceDownloadOptionApproved" time="2.119"/>
  <system-out/>
  <testcase classname="script.MultipleLoadAdminPayments" name="dateFilterTransportPayments" time="20.535"/>
  <system-out/>
</testsuite> <!-- script.MultipleLoadAdminPayments -->
