<?xml version="1.0" encoding="UTF-8"?>
<!-- Generated by org.testng.reporters.JUnitReportReporter -->
<testsuite hostname="INBNRMARITA" failures="0" tests="11" name="script.NewGodownLoadTrack" time="28.149" errors="0" timestamp="2023-03-24T16:13:42 IST" skipped="0">
  <testcase classname="script.NewGodownLoadTrack" name="phoneNumberField" time="8.024"/>
  <system-out/>
  <testcase classname="script.NewGodownLoadTrack" name="radioButtons" time="0.130"/>
  <system-out/>
  <testcase classname="script.NewGodownLoadTrack" name="searchButton" time="0.039"/>
  <system-out/>
  <testcase classname="script.NewGodownLoadTrack" name="searchButtonColor" time="0.024"/>
  <system-out/>
  <testcase classname="script.NewGodownLoadTrack" name="resetButton" time="0.039"/>
  <system-out/>
  <testcase classname="script.NewGodownLoadTrack" name="resetButtonColor" time="0.023"/>
  <system-out/>
  <testcase classname="script.NewGodownLoadTrack" name="viewMoreActive" time="0.033"/>
  <system-out/>
  <testcase classname="script.NewGodownLoadTrack" name="validateactivecard" time="0.066"/>
  <system-out/>
  <testcase classname="script.NewGodownLoadTrack" name="validateLoadIdActive" time="14.115"/>
  <system-out/>
  <testcase classname="script.NewGodownLoadTrack" name="validateLoadCard" time="2.491"/>
  <system-out/>
  <testcase classname="script.NewGodownLoadTrack" name="validateLoadIdLoaded" time="3.165"/>
  <system-out/>
</testsuite> <!-- script.NewGodownLoadTrack -->
