<?xml version="1.0" encoding="UTF-8"?>
<!-- Generated by org.testng.reporters.JUnitReportReporter -->
<testsuite hostname="INBNRMARITA" failures="0" tests="15" name="script.VendorOnboarding" time="58.647" errors="0" timestamp="2023-04-26T18:51:27 IST" skipped="0">
  <testcase classname="script.VendorOnboarding" name="validatePageHeadline" time="5.179"/>
  <system-out/>
  <testcase classname="script.VendorOnboarding" name="validateGenerateId" time="2.734"/>
  <system-out/>
  <testcase classname="script.VendorOnboarding" name="validateVendorName" time="4.132"/>
  <system-out/>
  <testcase classname="script.VendorOnboarding" name="validateGovtId" time="3.345"/>
  <system-out/>
  <testcase classname="script.VendorOnboarding" name="validateGovtNumber" time="4.656"/>
  <system-out/>
  <testcase classname="script.VendorOnboarding" name="validateVendorPhoneNumber" time="5.881"/>
  <system-out/>
  <testcase classname="script.VendorOnboarding" name="validateVendorEmail" time="7.064"/>
  <system-out/>
  <testcase classname="script.VendorOnboarding" name="validateVendorStreet" time="3.939"/>
  <system-out/>
  <testcase classname="script.VendorOnboarding" name="validateVendorLocality" time="3.506"/>
  <system-out/>
  <testcase classname="script.VendorOnboarding" name="validateVendorState" time="4.914"/>
  <system-out/>
  <testcase classname="script.VendorOnboarding" name="validateVendorDistrict" time="3.028"/>
  <system-out/>
  <testcase classname="script.VendorOnboarding" name="validateVendorPincode" time="3.254"/>
  <system-out/>
  <testcase classname="script.VendorOnboarding" name="generateVendorId" time="2.349"/>
  <system-out/>
  <testcase classname="script.VendorOnboarding" name="cancelVendorId" time="1.206"/>
  <system-out/>
  <testcase classname="script.VendorOnboarding" name="saveVendorId" time="3.460"/>
  <system-out/>
</testsuite> <!-- script.VendorOnboarding -->
