<?xml version="1.0" encoding="UTF-8"?>
<!-- Generated by org.testng.reporters.JUnitReportReporter -->
<testsuite hostname="INBNRMARITA" failures="0" tests="28" name="script.LogisticsLoadCreation" time="87.419" errors="0" timestamp="2023-05-27T10:57:45 IST" skipped="0">
  <testcase classname="script.LogisticsLoadCreation" name="poApproval" time="0.001"/>
  <system-out/>
  <testcase classname="script.LogisticsLoadCreation" name="validateSearchButton" time="5.904"/>
  <system-out/>
  <testcase classname="script.LogisticsLoadCreation" name="validatePhoneNumberField" time="4.627"/>
  <system-out/>
  <testcase classname="script.LogisticsLoadCreation" name="enterPhoneNumberField" time="10.099"/>
  <system-out/>
  <testcase classname="script.LogisticsLoadCreation" name="buyerUserCardValidation" time="0.852"/>
  <system-out/>
  <testcase classname="script.LogisticsLoadCreation" name="validateCropName" time="13.756"/>
  <system-out/>
  <testcase classname="script.LogisticsLoadCreation" name="validatePoId" time="3.830"/>
  <system-out/>
  <testcase classname="script.LogisticsLoadCreation" name="validateLoadQty" time="5.435"/>
  <system-out/>
  <testcase classname="script.LogisticsLoadCreation" name="enterLoadQty" time="1.134"/>
  <system-out/>
  <testcase classname="script.LogisticsLoadCreation" name="validateUnits" time="5.807"/>
  <system-out/>
  <testcase classname="script.LogisticsLoadCreation" name="validateQtyExceed" time="2.654"/>
  <system-out/>
  <testcase classname="script.LogisticsLoadCreation" name="generateLoadIdButton" time="2.057"/>
  <system-out/>
  <testcase classname="script.LogisticsLoadCreation" name="verifyButtonColor" time="0.466"/>
  <system-out/>
  <testcase classname="script.LogisticsLoadCreation" name="captureLoadId" time="4.256"/>
  <system-out/>
  <testcase classname="script.LogisticsLoadCreation" name="logisticsLinkValidation" time="0.060"/>
  <system-out/>
  <testcase classname="script.LogisticsLoadCreation" name="validateLogisticsPhNo" time="9.753"/>
  <system-out/>
  <testcase classname="script.LogisticsLoadCreation" name="logisticsUserCardValidation" time="0.127"/>
  <system-out/>
  <testcase classname="script.LogisticsLoadCreation" name="validateDriverName" time="2.583"/>
  <system-out/>
  <testcase classname="script.LogisticsLoadCreation" name="enterDriverName" time="1.276"/>
  <system-out/>
  <testcase classname="script.LogisticsLoadCreation" name="validateDriverPhNo" time="1.485"/>
  <system-out/>
  <testcase classname="script.LogisticsLoadCreation" name="enterDriverNumber" time="1.270"/>
  <system-out/>
  <testcase classname="script.LogisticsLoadCreation" name="validateLicenceNumber" time="1.416"/>
  <system-out/>
  <testcase classname="script.LogisticsLoadCreation" name="enterLicenceNumber" time="1.329"/>
  <system-out/>
  <testcase classname="script.LogisticsLoadCreation" name="validateVehicleNumber" time="1.686"/>
  <system-out/>
  <testcase classname="script.LogisticsLoadCreation" name="enterVehicleNumber" time="1.396"/>
  <system-out/>
  <testcase classname="script.LogisticsLoadCreation" name="advanceAmount" time="2.709"/>
  <system-out/>
  <testcase classname="script.LogisticsLoadCreation" name="createButton" time="0.059"/>
  <system-out/>
  <testcase classname="script.LogisticsLoadCreation" name="createLoad" time="1.392"/>
  <system-out/>
</testsuite> <!-- script.LogisticsLoadCreation -->
