<?xml version="1.0" encoding="UTF-8"?>
<!-- Generated by org.testng.reporters.JUnitReportReporter -->
<testsuite hostname="Dell-Falca-34ZLN12" failures="0" tests="12" name="script.LogisticsOnboarding" time="64.278" errors="0" timestamp="2021-09-06T19:00:10 IST" skipped="0">
  <testcase classname="script.LogisticsOnboarding" name="ValidateGenerateId" time="6.403"/>
  <system-out/>
  <testcase classname="script.LogisticsOnboarding" name="validateComapnyName" time="7.557"/>
  <system-out/>
  <testcase classname="script.LogisticsOnboarding" name="validateGstNumber" time="11.833"/>
  <system-out/>
  <testcase classname="script.LogisticsOnboarding" name="validateStreet" time="1.402"/>
  <system-out/>
  <testcase classname="script.LogisticsOnboarding" name="validateLocality" time="6.515"/>
  <system-out/>
  <testcase classname="script.LogisticsOnboarding" name="selectStateDistrict" time="16.736"/>
  <system-out/>
  <testcase classname="script.LogisticsOnboarding" name="validatePincode" time="2.522"/>
  <system-out/>
  <testcase classname="script.LogisticsOnboarding" name="personName" time="1.418"/>
  <system-out/>
  <testcase classname="script.LogisticsOnboarding" name="phoneNumber" time="1.429"/>
  <system-out/>
  <testcase classname="script.LogisticsOnboarding" name="validateEmailId" time="5.823"/>
  <system-out/>
  <testcase classname="script.LogisticsOnboarding" name="verifyButtonColor" time="0.032"/>
  <system-out/>
  <testcase classname="script.LogisticsOnboarding" name="verifyToastMessage" time="2.608"/>
  <system-out/>
</testsuite> <!-- script.LogisticsOnboarding -->
