<?xml version="1.0" encoding="UTF-8"?>
<!-- Generated by org.testng.reporters.JUnitReportReporter -->
<testsuite hostname="INBNRMARITA" failures="0" tests="1" name="script.MultiplePoClose" time="15.153" errors="0" timestamp="2022-06-09T12:42:40 IST" skipped="0">
  <testcase classname="script.MultiplePoClose" name="poClose" time="15.153"/>
  <system-out/>
</testsuite> <!-- script.MultiplePoClose -->
