<?xml version="1.0" encoding="UTF-8"?>
<!-- Generated by org.testng.reporters.JUnitReportReporter -->
<testsuite hostname="INBNRMARITA" failures="0" tests="22" name="script.FinancePayments" time="84.870" errors="0" timestamp="2023-05-27T11:45:54 IST" skipped="0">
  <testcase classname="script.FinancePayments" name="validateDateFilteFarmerPaymentsr" time="7.534"/>
  <system-out/>
  <testcase classname="script.FinancePayments" name="searchButton" time="0.086"/>
  <system-out/>
  <testcase classname="script.FinancePayments" name="resetButton" time="0.035"/>
  <system-out/>
  <testcase classname="script.FinancePayments" name="totalPriceCalculation" time="0.002"/>
  <system-out/>
  <testcase classname="script.FinancePayments" name="payButton" time="25.355"/>
  <system-out/>
  <testcase classname="script.FinancePayments" name="confirmButton" time="0.035"/>
  <system-out/>
  <testcase classname="script.FinancePayments" name="cancelButton" time="0.037"/>
  <system-out/>
  <testcase classname="script.FinancePayments" name="paymentModeFarmer" time="4.216"/>
  <system-out/>
  <testcase classname="script.FinancePayments" name="validateReferenceNumFarmer" time="4.688"/>
  <system-out/>
  <testcase classname="script.FinancePayments" name="enterReferenceNumber" time="4.816"/>
  <system-out/>
  <testcase classname="script.FinancePayments" name="validateDateFilterConsumerPayment" time="2.361"/>
  <system-out/>
  <testcase classname="script.FinancePayments" name="searchButtonConsumer" time="0.039"/>
  <system-out/>
  <testcase classname="script.FinancePayments" name="resetButtonConsumer" time="0.041"/>
  <system-out/>
  <testcase classname="script.FinancePayments" name="paymentModeConsumer" time="19.426"/>
  <system-out/>
  <testcase classname="script.FinancePayments" name="validateReferenceIdConsumer" time="2.254"/>
  <system-out/>
  <testcase classname="script.FinancePayments" name="enterReferenceIdConsumer" time="0.201"/>
  <system-out/>
  <testcase classname="script.FinancePayments" name="validateAmount" time="2.274"/>
  <system-out/>
  <testcase classname="script.FinancePayments" name="enterAmount" time="2.497"/>
  <system-out/>
  <testcase classname="script.FinancePayments" name="validateDateFilterTransport" time="1.332"/>
  <system-out/>
  <testcase classname="script.FinancePayments" name="searchButtonTransport" time="0.043"/>
  <system-out/>
  <testcase classname="script.FinancePayments" name="resetButtonTransport" time="0.079"/>
  <system-out/>
  <testcase classname="script.FinancePayments" name="validateReferenceNumTransport" time="7.519"/>
  <system-out/>
</testsuite> <!-- script.FinancePayments -->
