<?xml version="1.0" encoding="UTF-8"?>
<!-- Generated by org.testng.reporters.JUnitReportReporter -->
<testsuite hostname="INBNRMARITA" failures="0" tests="18" name="script.NewPoTracking" time="57.951" errors="0" timestamp="2022-04-12T12:50:53 IST" skipped="0">
  <testcase classname="script.NewPoTracking" name="validatecancelPO" time="9.507"/>
  <system-out/>
  <testcase classname="script.NewPoTracking" name="validatecancelPO" time="9.448"/>
  <system-out/>
  <testcase classname="script.NewPoTracking" name="validatefilter" time="4.700"/>
  <system-out/>
  <testcase classname="script.NewPoTracking" name="validatefilter" time="4.606"/>
  <system-out/>
  <testcase classname="script.NewPoTracking" name="validateponumber" time="1.048"/>
  <system-out/>
  <testcase classname="script.NewPoTracking" name="validateponumber" time="1.055"/>
  <system-out/>
  <testcase classname="script.NewPoTracking" name="pocancel" time="0.052"/>
  <system-out/>
  <testcase classname="script.NewPoTracking" name="pocancel" time="0.086"/>
  <system-out/>
  <testcase classname="script.NewPoTracking" name="validateclosePO" time="9.436"/>
  <system-out/>
  <testcase classname="script.NewPoTracking" name="validatefilterafterFT" time="4.631"/>
  <system-out/>
  <testcase classname="script.NewPoTracking" name="validateponumberafterft" time="1.038"/>
  <system-out/>
  <testcase classname="script.NewPoTracking" name="poclose" time="0.056"/>
  <system-out/>
  <testcase classname="script.NewPoTracking" name="searchtnclr" time="2.069"/>
  <system-out/>
  <testcase classname="script.NewPoTracking" name="searchtnclr" time="2.039"/>
  <system-out/>
  <testcase classname="script.NewPoTracking" name="searchtnclr" time="2.028"/>
  <system-out/>
  <testcase classname="script.NewPoTracking" name="resetbtnclr" time="2.043"/>
  <system-out/>
  <testcase classname="script.NewPoTracking" name="resetbtnclr" time="2.052"/>
  <system-out/>
  <testcase classname="script.NewPoTracking" name="resetbtnclr" time="2.057"/>
  <system-out/>
</testsuite> <!-- script.NewPoTracking -->
