<?xml version="1.0" encoding="UTF-8"?>
<!-- Generated by org.testng.reporters.JUnitReportReporter -->
<testsuite hostname="INBNRMARITA" failures="0" tests="2" name="script.VerifyTerminatedStatus" time="7.422" errors="0" timestamp="2023-05-29T16:31:21 IST" skipped="0">
  <testcase classname="script.VerifyTerminatedStatus" name="validateTerminatedAdvancePage" time="3.821"/>
  <system-out/>
  <testcase classname="script.VerifyTerminatedStatus" name="validateRejectedAdvanceDetails" time="3.601"/>
  <system-out/>
</testsuite> <!-- script.VerifyTerminatedStatus -->
