<?xml version="1.0" encoding="UTF-8"?>
<!-- Generated by org.testng.reporters.JUnitReportReporter -->
<testsuite hostname="FESLAP080" failures="0" tests="12" name="script.AddCompany" time="78.983" errors="0" timestamp="2024-09-11T13:23:47 IST" skipped="0">
  <testcase classname="script.AddCompany" name="clickOnCompany" time="7.998"/>
  <testcase classname="script.AddCompany" name="enterCompanyName" time="2.159"/>
  <testcase classname="script.AddCompany" name="enterCompanyAbbr" time="2.120"/>
  <testcase classname="script.AddCompany" name="enterGSTNumber" time="2.164"/>
  <testcase classname="script.AddCompany" name="clickOnSave" time="5.448"/>
  <testcase classname="script.AddCompany" name="clickOnAddress" time="40.643"/>
  <testcase classname="script.AddCompany" name="clickOnNewAddress" time="2.105"/>
  <testcase classname="script.AddCompany" name="enterPinCode" time="5.219"/>
  <testcase classname="script.AddCompany" name="enterAddressLine" time="2.204"/>
  <testcase classname="script.AddCompany" name="enterCity" time="2.150"/>
  <testcase classname="script.AddCompany" name="enterState" time="4.457"/>
  <testcase classname="script.AddCompany" name="clickOnSaveButton" time="2.316"/>
</testsuite> <!-- script.AddCompany -->
