<?xml version="1.0" encoding="UTF-8"?>
<!-- Generated by org.testng.reporters.JUnitReportReporter -->
<testsuite hostname="INBNRMARITA" failures="0" tests="10" name="script.LogisticsFinanceConsumerPayments" time="31.305" errors="0" timestamp="2023-05-15T23:09:36 IST" skipped="0">
  <testcase classname="script.LogisticsFinanceConsumerPayments" name="validateDateFilteFarmerPaymentsr" time="6.499"/>
  <system-out/>
  <testcase classname="script.LogisticsFinanceConsumerPayments" name="searchButton" time="0.049"/>
  <system-out/>
  <testcase classname="script.LogisticsFinanceConsumerPayments" name="resetButton" time="0.043"/>
  <system-out/>
  <testcase classname="script.LogisticsFinanceConsumerPayments" name="paymentModeConsumer" time="9.813"/>
  <system-out/>
  <testcase classname="script.LogisticsFinanceConsumerPayments" name="referenceIdConsumer" time="2.538"/>
  <system-out/>
  <testcase classname="script.LogisticsFinanceConsumerPayments" name="consumerPayments" time="5.262"/>
  <system-out/>
  <testcase classname="script.LogisticsFinanceConsumerPayments" name="validateDateFilterTransport" time="1.468"/>
  <system-out/>
  <testcase classname="script.LogisticsFinanceConsumerPayments" name="searchButtonTransport" time="0.025"/>
  <system-out/>
  <testcase classname="script.LogisticsFinanceConsumerPayments" name="resetButtonTransport" time="0.027"/>
  <system-out/>
  <testcase classname="script.LogisticsFinanceConsumerPayments" name="transportPayment" time="5.581"/>
  <system-out/>
</testsuite> <!-- script.LogisticsFinanceConsumerPayments -->
