<?xml version="1.0" encoding="UTF-8"?>
<!-- Generated by org.testng.reporters.JUnitReportReporter -->
<testsuite hostname="INBNRMARITA" failures="0" tests="4" name="script.GodownAdminTransportPayments" time="25.260" errors="0" timestamp="2023-05-16T10:19:13 IST" skipped="0">
  <testcase classname="script.GodownAdminTransportPayments" name="dateFilterTransportPayments" time="12.779"/>
  <system-out/>
  <testcase classname="script.GodownAdminTransportPayments" name="searchButton" time="0.056"/>
  <system-out/>
  <testcase classname="script.GodownAdminTransportPayments" name="resetButton" time="0.257"/>
  <system-out/>
  <testcase classname="script.GodownAdminTransportPayments" name="transportPayments" time="12.168"/>
  <system-out/>
</testsuite> <!-- script.GodownAdminTransportPayments -->
