<?xml version="1.0" encoding="UTF-8"?>
<!-- Generated by org.testng.reporters.JUnitReportReporter -->
<testsuite hostname="INBNRMARITA" failures="0" tests="2" name="script.MultipleLoad" time="117.869" errors="0" timestamp="2022-07-07T13:21:05 IST" skipped="0">
  <testcase classname="script.MultipleLoad" name="poApproval" time="22.311"/>
  <system-out/>
  <testcase classname="script.MultipleLoad" name="multipleLoadCreation" time="95.558"/>
  <system-out/>
</testsuite> <!-- script.MultipleLoad -->
