<?xml version="1.0" encoding="UTF-8"?>
<!-- Generated by org.testng.reporters.JUnitReportReporter -->
<testsuite hostname="INBNRMARITA" failures="0" tests="13" name="script.TraderOnboarding" time="43.603" errors="0" timestamp="2023-04-26T18:51:27 IST" skipped="0">
  <testcase classname="script.TraderOnboarding" name="validatePageHeadline" time="3.810"/>
  <system-out/>
  <testcase classname="script.TraderOnboarding" name="validateGenerateId" time="1.675"/>
  <system-out/>
  <testcase classname="script.TraderOnboarding" name="validateTraderName" time="4.094"/>
  <system-out/>
  <testcase classname="script.TraderOnboarding" name="validateTraderPhoneNumber" time="3.700"/>
  <system-out/>
  <testcase classname="script.TraderOnboarding" name="validateTraderStreet" time="3.506"/>
  <system-out/>
  <testcase classname="script.TraderOnboarding" name="validateTraderLocality" time="3.202"/>
  <system-out/>
  <testcase classname="script.TraderOnboarding" name="validateTraderState" time="3.953"/>
  <system-out/>
  <testcase classname="script.TraderOnboarding" name="validateTraderDistrict" time="4.414"/>
  <system-out/>
  <testcase classname="script.TraderOnboarding" name="validateTraderPincode" time="3.384"/>
  <system-out/>
  <testcase classname="script.TraderOnboarding" name="validateTraderEmail" time="4.914"/>
  <system-out/>
  <testcase classname="script.TraderOnboarding" name="generateTraderId" time="2.501"/>
  <system-out/>
  <testcase classname="script.TraderOnboarding" name="cancelTraderId" time="1.212"/>
  <system-out/>
  <testcase classname="script.TraderOnboarding" name="saveTraderId" time="3.238"/>
  <system-out/>
</testsuite> <!-- script.TraderOnboarding -->
