<?xml version="1.0" encoding="UTF-8"?>
<!-- Generated by org.testng.reporters.JUnitReportReporter -->
<testsuite hostname="INBNRMARITA" failures="0" tests="12" name="script.PendingAdvance" time="28.670" errors="0" timestamp="2023-05-29T16:31:21 IST" skipped="0">
  <testcase classname="script.PendingAdvance" name="validatePendingAdvancePage" time="4.873"/>
  <system-out/>
  <testcase classname="script.PendingAdvance" name="validatePendingAdvancePage" time="2.691"/>
  <system-out/>
  <testcase classname="script.PendingAdvance" name="validateAdvanceAmountField" time="2.969"/>
  <system-out/>
  <testcase classname="script.PendingAdvance" name="validateAdvanceAmountField" time="3.194"/>
  <system-out/>
  <testcase classname="script.PendingAdvance" name="validateAdvanceAmountFieldErrorMessages" time="2.399"/>
  <system-out/>
  <testcase classname="script.PendingAdvance" name="validateAdvanceAmountFieldErrorMessages" time="2.191"/>
  <system-out/>
  <testcase classname="script.PendingAdvance" name="validateAdvanceAmountCanEditBeforeManagerApproval" time="0.714"/>
  <system-out/>
  <testcase classname="script.PendingAdvance" name="validateAdvanceAmountCanEditBeforeManagerApproval" time="0.736"/>
  <system-out/>
  <testcase classname="script.PendingAdvance" name="validateRequestedAmountEditedSuccessToastMessage" time="0.211"/>
  <system-out/>
  <testcase classname="script.PendingAdvance" name="validateRequestedAmountEditedSuccessToastMessage" time="0.187"/>
  <system-out/>
  <testcase classname="script.PendingAdvance" name="validateUserCanEditTheAdvanceMultipleTimes" time="4.108"/>
  <system-out/>
  <testcase classname="script.PendingAdvance" name="validateUserCanEditTheAdvanceMultipleTimes" time="4.397"/>
  <system-out/>
</testsuite> <!-- script.PendingAdvance -->
