<?xml version="1.0" encoding="UTF-8"?>
<!-- Generated by org.testng.reporters.JUnitReportReporter -->
<testsuite hostname="INBNRMARITA" failures="0" tests="51" name="script.NewLoadTrack" time="143.887" errors="0" timestamp="2023-03-15T17:23:56 IST" skipped="0">
  <testcase classname="script.NewLoadTrack" name="phoneNumberField" time="5.474"/>
  <system-out/>
  <testcase classname="script.NewLoadTrack" name="phoneNumberField" time="5.273"/>
  <system-out/>
  <testcase classname="script.NewLoadTrack" name="phoneNumberField" time="5.814"/>
  <system-out/>
  <testcase classname="script.NewLoadTrack" name="radioButtons" time="0.128"/>
  <system-out/>
  <testcase classname="script.NewLoadTrack" name="radioButtons" time="0.139"/>
  <system-out/>
  <testcase classname="script.NewLoadTrack" name="radioButtons" time="0.152"/>
  <system-out/>
  <testcase classname="script.NewLoadTrack" name="searchButtonColor" time="1.135"/>
  <system-out/>
  <testcase classname="script.NewLoadTrack" name="searchButtonColor" time="1.081"/>
  <system-out/>
  <testcase classname="script.NewLoadTrack" name="searchButtonColor" time="1.092"/>
  <system-out/>
  <testcase classname="script.NewLoadTrack" name="resetButtonColor" time="1.091"/>
  <system-out/>
  <testcase classname="script.NewLoadTrack" name="resetButtonColor" time="1.106"/>
  <system-out/>
  <testcase classname="script.NewLoadTrack" name="resetButtonColor" time="1.094"/>
  <system-out/>
  <testcase classname="script.NewLoadTrack" name="viewMoreActive" time="1.094"/>
  <system-out/>
  <testcase classname="script.NewLoadTrack" name="viewMoreActive" time="1.070"/>
  <system-out/>
  <testcase classname="script.NewLoadTrack" name="viewMoreActive" time="1.074"/>
  <system-out/>
  <testcase classname="script.NewLoadTrack" name="validateactivecard" time="1.104"/>
  <system-out/>
  <testcase classname="script.NewLoadTrack" name="validateactivecard" time="1.116"/>
  <system-out/>
  <testcase classname="script.NewLoadTrack" name="validateactivecard" time="1.165"/>
  <system-out/>
  <testcase classname="script.NewLoadTrack" name="validateLoadIdActive" time="14.417"/>
  <system-out/>
  <testcase classname="script.NewLoadTrack" name="validateLoadIdActive" time="13.424"/>
  <system-out/>
  <testcase classname="script.NewLoadTrack" name="validateLoadIdActive" time="13.139"/>
  <system-out/>
  <testcase classname="script.NewLoadTrack" name="invoiceDownloadLoaded" time="7.221"/>
  <system-out/>
  <testcase classname="script.NewLoadTrack" name="invoiceDownloadLoaded" time="6.316"/>
  <system-out/>
  <testcase classname="script.NewLoadTrack" name="invoiceDownloadLoaded" time="4.652"/>
  <system-out/>
  <testcase classname="script.NewLoadTrack" name="captureInvoiceId" time="0.113"/>
  <system-out/>
  <testcase classname="script.NewLoadTrack" name="captureInvoiceId" time="0.099"/>
  <system-out/>
  <testcase classname="script.NewLoadTrack" name="captureInvoiceId" time="0.099"/>
  <system-out/>
  <testcase classname="script.NewLoadTrack" name="validateLoadIdLoaded" time="6.236"/>
  <system-out/>
  <testcase classname="script.NewLoadTrack" name="validateLoadIdLoaded" time="5.352"/>
  <system-out/>
  <testcase classname="script.NewLoadTrack" name="validateLoadIdLoaded" time="5.512"/>
  <system-out/>
  <testcase classname="script.NewLoadTrack" name="invoiceDownloadUnloaded" time="2.921"/>
  <system-out/>
  <testcase classname="script.NewLoadTrack" name="invoiceDownloadUnloaded" time="3.013"/>
  <system-out/>
  <testcase classname="script.NewLoadTrack" name="invoiceDownloadUnloaded" time="2.477"/>
  <system-out/>
  <testcase classname="script.NewLoadTrack" name="viewMoreOptionUnloadedStage" time="0.001"/>
  <system-out/>
  <testcase classname="script.NewLoadTrack" name="viewMoreOptionUnloadedStage" time="0.000"/>
  <system-out/>
  <testcase classname="script.NewLoadTrack" name="viewMoreOptionUnloadedStage" time="0.001"/>
  <system-out/>
  <testcase classname="script.NewLoadTrack" name="buyerNameUnloadedStage" time="2.065"/>
  <system-out/>
  <testcase classname="script.NewLoadTrack" name="buyerNameUnloadedStage" time="2.069"/>
  <system-out/>
  <testcase classname="script.NewLoadTrack" name="buyerNameUnloadedStage" time="2.125"/>
  <system-out/>
  <testcase classname="script.NewLoadTrack" name="loadIdUnloadedStage" time="0.000"/>
  <system-out/>
  <testcase classname="script.NewLoadTrack" name="loadIdUnloadedStage" time="0.001"/>
  <system-out/>
  <testcase classname="script.NewLoadTrack" name="loadIdUnloadedStage" time="0.000"/>
  <system-out/>
  <testcase classname="script.NewLoadTrack" name="cropNameUnloadedStage" time="0.000"/>
  <system-out/>
  <testcase classname="script.NewLoadTrack" name="cropNameUnloadedStage" time="0.001"/>
  <system-out/>
  <testcase classname="script.NewLoadTrack" name="cropNameUnloadedStage" time="0.000"/>
  <system-out/>
  <testcase classname="script.NewLoadTrack" name="validateUnloadedStage" time="7.303"/>
  <system-out/>
  <testcase classname="script.NewLoadTrack" name="validateUnloadedStage" time="7.403"/>
  <system-out/>
  <testcase classname="script.NewLoadTrack" name="validateUnloadedStage" time="7.342"/>
  <system-out/>
  <testcase classname="script.NewLoadTrack" name="validateUnloadedStatus" time="0.127"/>
  <system-out/>
  <testcase classname="script.NewLoadTrack" name="validateUnloadedStatus" time="0.140"/>
  <system-out/>
  <testcase classname="script.NewLoadTrack" name="validateUnloadedStatus" time="0.116"/>
  <system-out/>
</testsuite> <!-- script.NewLoadTrack -->
