<?xml version="1.0" encoding="UTF-8"?>
<!-- Generated by org.testng.reporters.JUnitReportReporter -->
<testsuite hostname="Dell-Falca-34ZLN12" failures="0" tests="1" name="script.MongoDeleteFarmer" time="2.854" errors="0" timestamp="2021-09-15T11:31:51 IST" skipped="0">
  <testcase classname="script.MongoDeleteFarmer" name="DeleteUser" time="2.854"/>
  <system-out/>
</testsuite> <!-- script.MongoDeleteFarmer -->
