<?xml version="1.0" encoding="UTF-8"?>
<!-- Generated by org.testng.reporters.JUnitReportReporter -->
<testsuite hostname="INBNRMARITA" failures="0" tests="24" name="script.ReimbursementRequest" time="94.706" errors="0" timestamp="2023-05-29T16:31:21 IST" skipped="0">
  <testcase classname="script.ReimbursementRequest" name="validateReimbursementType" time="3.454"/>
  <system-out/>
  <testcase classname="script.ReimbursementRequest" name="validateReimbursementType" time="2.711"/>
  <system-out/>
  <testcase classname="script.ReimbursementRequest" name="validateReimbursementType" time="3.521"/>
  <system-out/>
  <testcase classname="script.ReimbursementRequest" name="validateReimbursementType" time="3.490"/>
  <system-out/>
  <testcase classname="script.ReimbursementRequest" name="validateRequestAmount" time="2.394"/>
  <system-out/>
  <testcase classname="script.ReimbursementRequest" name="validateRequestAmount" time="2.965"/>
  <system-out/>
  <testcase classname="script.ReimbursementRequest" name="validateRequestAmount" time="2.492"/>
  <system-out/>
  <testcase classname="script.ReimbursementRequest" name="validateRequestAmount" time="2.073"/>
  <system-out/>
  <testcase classname="script.ReimbursementRequest" name="validateDateFields" time="2.484"/>
  <system-out/>
  <testcase classname="script.ReimbursementRequest" name="validateDateFields" time="2.588"/>
  <system-out/>
  <testcase classname="script.ReimbursementRequest" name="validateDateFields" time="3.663"/>
  <system-out/>
  <testcase classname="script.ReimbursementRequest" name="validateDateFields" time="3.352"/>
  <system-out/>
  <testcase classname="script.ReimbursementRequest" name="validateAttachmentFields" time="4.049"/>
  <system-out/>
  <testcase classname="script.ReimbursementRequest" name="validateAttachmentFields" time="3.657"/>
  <system-out/>
  <testcase classname="script.ReimbursementRequest" name="validateAttachmentFields" time="3.822"/>
  <system-out/>
  <testcase classname="script.ReimbursementRequest" name="validateAttachmentFields" time="3.966"/>
  <system-out/>
  <testcase classname="script.ReimbursementRequest" name="validateAddAndRequestButtonCss" time="0.224"/>
  <system-out/>
  <testcase classname="script.ReimbursementRequest" name="validateAddAndRequestButtonCss" time="0.333"/>
  <system-out/>
  <testcase classname="script.ReimbursementRequest" name="validateAddAndRequestButtonCss" time="0.189"/>
  <system-out/>
  <testcase classname="script.ReimbursementRequest" name="validateAddAndRequestButtonCss" time="0.474"/>
  <system-out/>
  <testcase classname="script.ReimbursementRequest" name="addNewReimbursement" time="10.813"/>
  <system-out/>
  <testcase classname="script.ReimbursementRequest" name="addNewReimbursement" time="10.419"/>
  <system-out/>
  <testcase classname="script.ReimbursementRequest" name="addNewReimbursement" time="10.654"/>
  <system-out/>
  <testcase classname="script.ReimbursementRequest" name="addNewReimbursement" time="10.919"/>
  <system-out/>
</testsuite> <!-- script.ReimbursementRequest -->
