<?xml version="1.0" encoding="UTF-8"?>
<!-- Generated by org.testng.reporters.JUnitReportReporter -->
<testsuite hostname="INBNRMARITA" failures="0" tests="17" name="script.EditSalesOrderGodown" time="70.038" errors="0" timestamp="2023-05-26T18:03:24 IST" skipped="0">
  <testcase classname="script.EditSalesOrderGodown" name="buyerLinkValidation" time="4.049"/>
  <system-out/>
  <testcase classname="script.EditSalesOrderGodown" name="buyerOnboardingPage" time="5.891"/>
  <system-out/>
  <testcase classname="script.EditSalesOrderGodown" name="searchButton" time="8.374"/>
  <system-out/>
  <testcase classname="script.EditSalesOrderGodown" name="validatePhoneNumber" time="4.579"/>
  <system-out/>
  <testcase classname="script.EditSalesOrderGodown" name="enterPhoneNumber" time="15.766"/>
  <system-out/>
  <testcase classname="script.EditSalesOrderGodown" name="userCardValidation" time="0.002"/>
  <system-out/>
  <testcase classname="script.EditSalesOrderGodown" name="addCropButton" time="1.169"/>
  <system-out/>
  <testcase classname="script.EditSalesOrderGodown" name="validateCategory" time="4.534"/>
  <system-out/>
  <testcase classname="script.EditSalesOrderGodown" name="validateCropName" time="6.604"/>
  <system-out/>
  <testcase classname="script.EditSalesOrderGodown" name="validateQuantity" time="8.788"/>
  <system-out/>
  <testcase classname="script.EditSalesOrderGodown" name="enterQuantity" time="1.182"/>
  <system-out/>
  <testcase classname="script.EditSalesOrderGodown" name="validateUnit" time="6.615"/>
  <system-out/>
  <testcase classname="script.EditSalesOrderGodown" name="validateCropEditedToast" time="1.227"/>
  <system-out>
    <![CDATA[Cannot invoke "org.openqa.selenium.support.ui.WebDriverWait.until(java.util.function.Function)" because "this.wait" is null]]>
  </system-out>
  <testcase classname="script.EditSalesOrderGodown" name="validateStartDate" time="0.103"/>
  <system-out>
    <![CDATA[no such element: Unable to locate element: {"method":"xpath","selector":"//div[text()=' Generate SO number ']"}
  (Session info: chrome=113.0.5672.127)
For documentation on this error, please visit: https://selenium.dev/exceptions/#no_such_element
Build info: version: '4.1.0', revision: '87802e897b'
System info: host: 'INBNRMARITA', ip: '172.26.1.124', os.name: 'Windows 10', os.arch: 'amd64', os.version: '10.0', java.version: '15.0.2'
Driver info: org.openqa.selenium.chrome.ChromeDriver
Command: [8e0134b429a4eec2ab1fba737c6a80e9, findElement {using=xpath, value=//div[text()=' Generate SO number ']}]
Capabilities {acceptInsecureCerts: false, browserName: chrome, browserVersion: 113.0.5672.127, chrome: {chromedriverVersion: 113.0.5672.63 (0e1a4471d5ae..., userDataDir: C:\Users\5028\AppData\Local...}, goog:chromeOptions: {debuggerAddress: localhost:58472}, javascriptEnabled: true, networkConnectionEnabled: false, pageLoadStrategy: normal, platform: WINDOWS, platformName: WINDOWS, proxy: Proxy(), se:cdp: ws://localhost:58472/devtoo..., se:cdpVersion: 113.0.5672.127, setWindowRect: true, strictFileInteractability: false, timeouts: {implicit: 0, pageLoad: 300000, script: 30000}, unhandledPromptBehavior: dismiss and notify, webauthn:extension:credBlob: true, webauthn:extension:largeBlob: true, webauthn:extension:minPinLength: true, webauthn:extension:prf: true, webauthn:virtualAuthenticators: true}
Session ID: 8e0134b429a4eec2ab1fba737c6a80e9]]>
  </system-out>
  <testcase classname="script.EditSalesOrderGodown" name="selectStartDate" time="0.046"/>
  <system-out>
    <![CDATA[no such element: Unable to locate element: {"method":"xpath","selector":"//input[@id='startdate']"}
  (Session info: chrome=113.0.5672.127)
For documentation on this error, please visit: https://selenium.dev/exceptions/#no_such_element
Build info: version: '4.1.0', revision: '87802e897b'
System info: host: 'INBNRMARITA', ip: '172.26.1.124', os.name: 'Windows 10', os.arch: 'amd64', os.version: '10.0', java.version: '15.0.2'
Driver info: org.openqa.selenium.chrome.ChromeDriver
Command: [8e0134b429a4eec2ab1fba737c6a80e9, findElement {using=xpath, value=//input[@id='startdate']}]
Capabilities {acceptInsecureCerts: false, browserName: chrome, browserVersion: 113.0.5672.127, chrome: {chromedriverVersion: 113.0.5672.63 (0e1a4471d5ae..., userDataDir: C:\Users\5028\AppData\Local...}, goog:chromeOptions: {debuggerAddress: localhost:58472}, javascriptEnabled: true, networkConnectionEnabled: false, pageLoadStrategy: normal, platform: WINDOWS, platformName: WINDOWS, proxy: Proxy(), se:cdp: ws://localhost:58472/devtoo..., se:cdpVersion: 113.0.5672.127, setWindowRect: true, strictFileInteractability: false, timeouts: {implicit: 0, pageLoad: 300000, script: 30000}, unhandledPromptBehavior: dismiss and notify, webauthn:extension:credBlob: true, webauthn:extension:largeBlob: true, webauthn:extension:minPinLength: true, webauthn:extension:prf: true, webauthn:virtualAuthenticators: true}
Session ID: 8e0134b429a4eec2ab1fba737c6a80e9]]>
  </system-out>
  <testcase classname="script.EditSalesOrderGodown" name="validatEndDate" time="0.063"/>
  <system-out>
    <![CDATA[no such element: Unable to locate element: {"method":"xpath","selector":"//div[text()=' Generate SO number ']"}
  (Session info: chrome=113.0.5672.127)
For documentation on this error, please visit: https://selenium.dev/exceptions/#no_such_element
Build info: version: '4.1.0', revision: '87802e897b'
System info: host: 'INBNRMARITA', ip: '172.26.1.124', os.name: 'Windows 10', os.arch: 'amd64', os.version: '10.0', java.version: '15.0.2'
Driver info: org.openqa.selenium.chrome.ChromeDriver
Command: [8e0134b429a4eec2ab1fba737c6a80e9, findElement {using=xpath, value=//div[text()=' Generate SO number ']}]
Capabilities {acceptInsecureCerts: false, browserName: chrome, browserVersion: 113.0.5672.127, chrome: {chromedriverVersion: 113.0.5672.63 (0e1a4471d5ae..., userDataDir: C:\Users\5028\AppData\Local...}, goog:chromeOptions: {debuggerAddress: localhost:58472}, javascriptEnabled: true, networkConnectionEnabled: false, pageLoadStrategy: normal, platform: WINDOWS, platformName: WINDOWS, proxy: Proxy(), se:cdp: ws://localhost:58472/devtoo..., se:cdpVersion: 113.0.5672.127, setWindowRect: true, strictFileInteractability: false, timeouts: {implicit: 0, pageLoad: 300000, script: 30000}, unhandledPromptBehavior: dismiss and notify, webauthn:extension:credBlob: true, webauthn:extension:largeBlob: true, webauthn:extension:minPinLength: true, webauthn:extension:prf: true, webauthn:virtualAuthenticators: true}
Session ID: 8e0134b429a4eec2ab1fba737c6a80e9]]>
  </system-out>
  <testcase classname="script.EditSalesOrderGodown" name="selectEndDate" time="1.046"/>
  <system-out>
    <![CDATA[no such element: Unable to locate element: {"method":"xpath","selector":"//input[@id='enddate']"}
  (Session info: chrome=113.0.5672.127)
For documentation on this error, please visit: https://selenium.dev/exceptions/#no_such_element
Build info: version: '4.1.0', revision: '87802e897b'
System info: host: 'INBNRMARITA', ip: '172.26.1.124', os.name: 'Windows 10', os.arch: 'amd64', os.version: '10.0', java.version: '15.0.2'
Driver info: org.openqa.selenium.chrome.ChromeDriver
Command: [8e0134b429a4eec2ab1fba737c6a80e9, findElement {using=xpath, value=//input[@id='enddate']}]
Capabilities {acceptInsecureCerts: false, browserName: chrome, browserVersion: 113.0.5672.127, chrome: {chromedriverVersion: 113.0.5672.63 (0e1a4471d5ae..., userDataDir: C:\Users\5028\AppData\Local...}, goog:chromeOptions: {debuggerAddress: localhost:58472}, javascriptEnabled: true, networkConnectionEnabled: false, pageLoadStrategy: normal, platform: WINDOWS, platformName: WINDOWS, proxy: Proxy(), se:cdp: ws://localhost:58472/devtoo..., se:cdpVersion: 113.0.5672.127, setWindowRect: true, strictFileInteractability: false, timeouts: {implicit: 0, pageLoad: 300000, script: 30000}, unhandledPromptBehavior: dismiss and notify, webauthn:extension:credBlob: true, webauthn:extension:largeBlob: true, webauthn:extension:minPinLength: true, webauthn:extension:prf: true, webauthn:virtualAuthenticators: true}
Session ID: 8e0134b429a4eec2ab1fba737c6a80e9]]>
  </system-out>
</testsuite> <!-- script.EditSalesOrderGodown -->
