<?xml version="1.0" encoding="UTF-8"?>
<!-- Generated by org.testng.reporters.JUnitReportReporter -->
<testsuite hostname="INBNRMARITA" failures="0" tests="12" name="script.SuperAdminDSCPayments" time="38.285" errors="0" timestamp="2021-12-07T16:41:43 IST" skipped="0">
  <testcase classname="script.SuperAdminDSCPayments" name="dateFilterFarmerPayments" time="8.349"/>
  <system-out/>
  <testcase classname="script.SuperAdminDSCPayments" name="dateFilterFarmerPayments" time="8.263"/>
  <system-out/>
  <testcase classname="script.SuperAdminDSCPayments" name="dateFilterFarmerPayments" time="8.603"/>
  <system-out/>
  <testcase classname="script.SuperAdminDSCPayments" name="invoiceDownloadOptionPending" time="0.045"/>
  <system-out/>
  <testcase classname="script.SuperAdminDSCPayments" name="invoiceDownloadOptionPending" time="0.041"/>
  <system-out/>
  <testcase classname="script.SuperAdminDSCPayments" name="invoiceDownloadOptionPending" time="0.039"/>
  <system-out/>
  <testcase classname="script.SuperAdminDSCPayments" name="approvePayments" time="2.207"/>
  <system-out/>
  <testcase classname="script.SuperAdminDSCPayments" name="approvePayments" time="2.150"/>
  <system-out/>
  <testcase classname="script.SuperAdminDSCPayments" name="approvePayments" time="2.199"/>
  <system-out/>
  <testcase classname="script.SuperAdminDSCPayments" name="invoiceDownloadOptionApproved" time="2.076"/>
  <system-out/>
  <testcase classname="script.SuperAdminDSCPayments" name="invoiceDownloadOptionApproved" time="2.226"/>
  <system-out/>
  <testcase classname="script.SuperAdminDSCPayments" name="invoiceDownloadOptionApproved" time="2.087"/>
  <system-out/>
</testsuite> <!-- script.SuperAdminDSCPayments -->
