<?xml version="1.0" encoding="UTF-8"?>
<!-- Generated by org.testng.reporters.JUnitReportReporter -->
<testsuite hostname="INBNRMARITA" failures="0" tests="17" name="script.NewEditPurchaseOrderGodown" time="64.098" errors="0" timestamp="2023-03-24T16:13:42 IST" skipped="0">
  <testcase classname="script.NewEditPurchaseOrderGodown" name="buyerLinkValidation" time="3.345"/>
  <system-out/>
  <testcase classname="script.NewEditPurchaseOrderGodown" name="buyerOnboardingPage" time="2.255"/>
  <system-out/>
  <testcase classname="script.NewEditPurchaseOrderGodown" name="searchButton" time="7.866"/>
  <system-out/>
  <testcase classname="script.NewEditPurchaseOrderGodown" name="validatePhoneNumber" time="4.763"/>
  <system-out/>
  <testcase classname="script.NewEditPurchaseOrderGodown" name="enterPhoneNumber" time="15.040"/>
  <system-out/>
  <testcase classname="script.NewEditPurchaseOrderGodown" name="userCardValidation" time="0.002"/>
  <system-out/>
  <testcase classname="script.NewEditPurchaseOrderGodown" name="addCropButton" time="1.721"/>
  <system-out/>
  <testcase classname="script.NewEditPurchaseOrderGodown" name="validateCategory" time="4.639"/>
  <system-out/>
  <testcase classname="script.NewEditPurchaseOrderGodown" name="validateCropName" time="6.508"/>
  <system-out/>
  <testcase classname="script.NewEditPurchaseOrderGodown" name="validateQuantity" time="7.951"/>
  <system-out/>
  <testcase classname="script.NewEditPurchaseOrderGodown" name="enterQuantity" time="1.126"/>
  <system-out/>
  <testcase classname="script.NewEditPurchaseOrderGodown" name="validateUnit" time="6.606"/>
  <system-out/>
  <testcase classname="script.NewEditPurchaseOrderGodown" name="validateCropEditedToast" time="1.118"/>
  <system-out>
    <![CDATA[Cannot invoke "org.openqa.selenium.support.ui.WebDriverWait.until(java.util.function.Function)" because "this.wait" is null]]>
  </system-out>
  <testcase classname="script.NewEditPurchaseOrderGodown" name="validateStartDate" time="0.066"/>
  <system-out>
    <![CDATA[no such element: Unable to locate element: {"method":"xpath","selector":"//div[text()=' Generate SO number ']"}
  (Session info: chrome=111.0.5563.66)
For documentation on this error, please visit: https://selenium.dev/exceptions/#no_such_element
Build info: version: '4.1.0', revision: '87802e897b'
System info: host: 'INBNRMARITA', ip: '172.26.1.117', os.name: 'Windows 10', os.arch: 'amd64', os.version: '10.0', java.version: '15.0.2'
Driver info: org.openqa.selenium.chrome.ChromeDriver
Command: [2538a5f91b8a3f39c95b1dbe0b6ea52b, findElement {using=xpath, value=//div[text()=' Generate SO number ']}]
Capabilities {acceptInsecureCerts: false, browserName: chrome, browserVersion: 111.0.5563.66, chrome: {chromedriverVersion: 111.0.5563.64 (c710e93d5b63..., userDataDir: C:\Users\5028\AppData\Local...}, goog:chromeOptions: {debuggerAddress: localhost:64294}, javascriptEnabled: true, networkConnectionEnabled: false, pageLoadStrategy: normal, platform: WINDOWS, platformName: WINDOWS, proxy: Proxy(), se:cdp: ws://localhost:64294/devtoo..., se:cdpVersion: 111.0.5563.66, setWindowRect: true, strictFileInteractability: false, timeouts: {implicit: 0, pageLoad: 300000, script: 30000}, unhandledPromptBehavior: dismiss and notify, webauthn:extension:credBlob: true, webauthn:extension:largeBlob: true, webauthn:extension:minPinLength: true, webauthn:extension:prf: true, webauthn:virtualAuthenticators: true}
Session ID: 2538a5f91b8a3f39c95b1dbe0b6ea52b]]>
  </system-out>
  <testcase classname="script.NewEditPurchaseOrderGodown" name="selectStartDate" time="0.026"/>
  <system-out>
    <![CDATA[no such element: Unable to locate element: {"method":"xpath","selector":"//input[@id='startdate']"}
  (Session info: chrome=111.0.5563.66)
For documentation on this error, please visit: https://selenium.dev/exceptions/#no_such_element
Build info: version: '4.1.0', revision: '87802e897b'
System info: host: 'INBNRMARITA', ip: '172.26.1.117', os.name: 'Windows 10', os.arch: 'amd64', os.version: '10.0', java.version: '15.0.2'
Driver info: org.openqa.selenium.chrome.ChromeDriver
Command: [2538a5f91b8a3f39c95b1dbe0b6ea52b, findElement {using=xpath, value=//input[@id='startdate']}]
Capabilities {acceptInsecureCerts: false, browserName: chrome, browserVersion: 111.0.5563.66, chrome: {chromedriverVersion: 111.0.5563.64 (c710e93d5b63..., userDataDir: C:\Users\5028\AppData\Local...}, goog:chromeOptions: {debuggerAddress: localhost:64294}, javascriptEnabled: true, networkConnectionEnabled: false, pageLoadStrategy: normal, platform: WINDOWS, platformName: WINDOWS, proxy: Proxy(), se:cdp: ws://localhost:64294/devtoo..., se:cdpVersion: 111.0.5563.66, setWindowRect: true, strictFileInteractability: false, timeouts: {implicit: 0, pageLoad: 300000, script: 30000}, unhandledPromptBehavior: dismiss and notify, webauthn:extension:credBlob: true, webauthn:extension:largeBlob: true, webauthn:extension:minPinLength: true, webauthn:extension:prf: true, webauthn:virtualAuthenticators: true}
Session ID: 2538a5f91b8a3f39c95b1dbe0b6ea52b]]>
  </system-out>
  <testcase classname="script.NewEditPurchaseOrderGodown" name="validatEndDate" time="0.030"/>
  <system-out>
    <![CDATA[no such element: Unable to locate element: {"method":"xpath","selector":"//div[text()=' Generate SO number ']"}
  (Session info: chrome=111.0.5563.66)
For documentation on this error, please visit: https://selenium.dev/exceptions/#no_such_element
Build info: version: '4.1.0', revision: '87802e897b'
System info: host: 'INBNRMARITA', ip: '172.26.1.117', os.name: 'Windows 10', os.arch: 'amd64', os.version: '10.0', java.version: '15.0.2'
Driver info: org.openqa.selenium.chrome.ChromeDriver
Command: [2538a5f91b8a3f39c95b1dbe0b6ea52b, findElement {using=xpath, value=//div[text()=' Generate SO number ']}]
Capabilities {acceptInsecureCerts: false, browserName: chrome, browserVersion: 111.0.5563.66, chrome: {chromedriverVersion: 111.0.5563.64 (c710e93d5b63..., userDataDir: C:\Users\5028\AppData\Local...}, goog:chromeOptions: {debuggerAddress: localhost:64294}, javascriptEnabled: true, networkConnectionEnabled: false, pageLoadStrategy: normal, platform: WINDOWS, platformName: WINDOWS, proxy: Proxy(), se:cdp: ws://localhost:64294/devtoo..., se:cdpVersion: 111.0.5563.66, setWindowRect: true, strictFileInteractability: false, timeouts: {implicit: 0, pageLoad: 300000, script: 30000}, unhandledPromptBehavior: dismiss and notify, webauthn:extension:credBlob: true, webauthn:extension:largeBlob: true, webauthn:extension:minPinLength: true, webauthn:extension:prf: true, webauthn:virtualAuthenticators: true}
Session ID: 2538a5f91b8a3f39c95b1dbe0b6ea52b]]>
  </system-out>
  <testcase classname="script.NewEditPurchaseOrderGodown" name="selectEndDate" time="1.036"/>
  <system-out>
    <![CDATA[no such element: Unable to locate element: {"method":"xpath","selector":"//input[@id='enddate']"}
  (Session info: chrome=111.0.5563.66)
For documentation on this error, please visit: https://selenium.dev/exceptions/#no_such_element
Build info: version: '4.1.0', revision: '87802e897b'
System info: host: 'INBNRMARITA', ip: '172.26.1.117', os.name: 'Windows 10', os.arch: 'amd64', os.version: '10.0', java.version: '15.0.2'
Driver info: org.openqa.selenium.chrome.ChromeDriver
Command: [2538a5f91b8a3f39c95b1dbe0b6ea52b, findElement {using=xpath, value=//input[@id='enddate']}]
Capabilities {acceptInsecureCerts: false, browserName: chrome, browserVersion: 111.0.5563.66, chrome: {chromedriverVersion: 111.0.5563.64 (c710e93d5b63..., userDataDir: C:\Users\5028\AppData\Local...}, goog:chromeOptions: {debuggerAddress: localhost:64294}, javascriptEnabled: true, networkConnectionEnabled: false, pageLoadStrategy: normal, platform: WINDOWS, platformName: WINDOWS, proxy: Proxy(), se:cdp: ws://localhost:64294/devtoo..., se:cdpVersion: 111.0.5563.66, setWindowRect: true, strictFileInteractability: false, timeouts: {implicit: 0, pageLoad: 300000, script: 30000}, unhandledPromptBehavior: dismiss and notify, webauthn:extension:credBlob: true, webauthn:extension:largeBlob: true, webauthn:extension:minPinLength: true, webauthn:extension:prf: true, webauthn:virtualAuthenticators: true}
Session ID: 2538a5f91b8a3f39c95b1dbe0b6ea52b]]>
  </system-out>
</testsuite> <!-- script.NewEditPurchaseOrderGodown -->
