<?xml version="1.0" encoding="UTF-8"?>
<!-- Generated by org.testng.reporters.JUnitReportReporter -->
<testsuite hostname="INBNRMARITA" failures="0" tests="1" name="script.HtmlToPdf" time="77.625" errors="0" timestamp="2022-08-03T11:25:11 IST" skipped="0">
  <testcase classname="script.HtmlToPdf" name="PdfFile" time="77.625"/>
  <system-out/>
</testsuite> <!-- script.HtmlToPdf -->
