<?xml version="1.0" encoding="UTF-8"?>
<!-- Generated by org.testng.reporters.JUnitReportReporter -->
<testsuite skipped="0" hostname="DESKTOP-ULFBLCU" name="script.ConsumerTransaction" tests="1" failures="0" timestamp="2021-07-02T12:47:52 IST" time="85.316" errors="0">
  <testcase name="CreatePO" time="85.316" classname="script.ConsumerTransaction"/>
  <system-out/>
</testsuite> <!-- script.ConsumerTransaction -->
