<?xml version="1.0" encoding="UTF-8"?>
<!-- Generated by org.testng.reporters.JUnitReportReporter -->
<testsuite hostname="INBNRMARITA" failures="0" tests="5" name="script.CloseSalesOrderLogistics" time="14.593" errors="0" timestamp="2023-05-27T10:57:45 IST" skipped="0">
  <testcase classname="script.CloseSalesOrderLogistics" name="poClose" time="11.621"/>
  <system-out/>
  <testcase classname="script.CloseSalesOrderLogistics" name="resetButton" time="0.114"/>
  <system-out/>
  <testcase classname="script.CloseSalesOrderLogistics" name="validateCropList" time="0.331"/>
  <system-out/>
  <testcase classname="script.CloseSalesOrderLogistics" name="companyName" time="0.081"/>
  <system-out/>
  <testcase classname="script.CloseSalesOrderLogistics" name="closePO" time="2.446"/>
  <system-out/>
</testsuite> <!-- script.CloseSalesOrderLogistics -->
