<?xml version="1.0" encoding="UTF-8"?>
<!-- Generated by org.testng.reporters.JUnitReportReporter -->
<testsuite hostname="INBNRMARITA" failures="0" tests="11" name="script.GodownLoadTrack" time="46.265" errors="0" timestamp="2023-05-26T18:03:23 IST" skipped="0">
  <testcase classname="script.GodownLoadTrack" name="phoneNumberField" time="9.975"/>
  <system-out/>
  <testcase classname="script.GodownLoadTrack" name="radioButtons" time="0.365"/>
  <system-out/>
  <testcase classname="script.GodownLoadTrack" name="searchButton" time="0.064"/>
  <system-out/>
  <testcase classname="script.GodownLoadTrack" name="searchButtonColor" time="0.050"/>
  <system-out/>
  <testcase classname="script.GodownLoadTrack" name="resetButton" time="0.129"/>
  <system-out/>
  <testcase classname="script.GodownLoadTrack" name="resetButtonColor" time="0.064"/>
  <system-out/>
  <testcase classname="script.GodownLoadTrack" name="viewMoreActive" time="0.053"/>
  <system-out/>
  <testcase classname="script.GodownLoadTrack" name="validateactivecard" time="0.090"/>
  <system-out/>
  <testcase classname="script.GodownLoadTrack" name="validateLoadIdActive" time="24.358"/>
  <system-out/>
  <testcase classname="script.GodownLoadTrack" name="validateLoadCard" time="7.858"/>
  <system-out/>
  <testcase classname="script.GodownLoadTrack" name="validateLoadIdLoaded" time="3.259"/>
  <system-out/>
</testsuite> <!-- script.GodownLoadTrack -->
