<?xml version="1.0" encoding="UTF-8"?>
<!-- Generated by org.testng.reporters.JUnitReportReporter -->
<testsuite hostname="INBNRMARITA" failures="0" tests="33" name="script.BiltyLoadCreation" time="80.486" errors="0" timestamp="2023-05-27T11:45:54 IST" skipped="0">
  <testcase classname="script.BiltyLoadCreation" name="poApproval" time="0.002"/>
  <system-out/>
  <testcase classname="script.BiltyLoadCreation" name="buyerLinkValidation" time="5.074"/>
  <system-out/>
  <testcase classname="script.BiltyLoadCreation" name="buyerOnboardingPage" time="0.002"/>
  <system-out/>
  <testcase classname="script.BiltyLoadCreation" name="validateSearchButton" time="0.274"/>
  <system-out/>
  <testcase classname="script.BiltyLoadCreation" name="validatePhoneNumber" time="7.514"/>
  <system-out/>
  <testcase classname="script.BiltyLoadCreation" name="enterPhoneNumber" time="5.673"/>
  <system-out/>
  <testcase classname="script.BiltyLoadCreation" name="buyerNameValidation" time="5.069"/>
  <system-out/>
  <testcase classname="script.BiltyLoadCreation" name="validateCropName" time="7.211"/>
  <system-out/>
  <testcase classname="script.BiltyLoadCreation" name="validatePoId" time="7.765"/>
  <system-out/>
  <testcase classname="script.BiltyLoadCreation" name="validateLoadQty" time="3.428"/>
  <system-out/>
  <testcase classname="script.BiltyLoadCreation" name="validateUnits" time="3.685"/>
  <system-out/>
  <testcase classname="script.BiltyLoadCreation" name="generateLoadIdButton" time="0.057"/>
  <system-out/>
  <testcase classname="script.BiltyLoadCreation" name="verifyLoadType" time="1.389"/>
  <system-out/>
  <testcase classname="script.BiltyLoadCreation" name="validateQtyExceed" time="1.185"/>
  <system-out/>
  <testcase classname="script.BiltyLoadCreation" name="enterQuantity" time="2.553"/>
  <system-out/>
  <testcase classname="script.BiltyLoadCreation" name="verifyCancelButton" time="0.171"/>
  <system-out/>
  <testcase classname="script.BiltyLoadCreation" name="captureLoadId" time="1.108"/>
  <system-out/>
  <testcase classname="script.BiltyLoadCreation" name="searchButton" time="0.238"/>
  <system-out/>
  <testcase classname="script.BiltyLoadCreation" name="logisticsLinkValidation" time="0.081"/>
  <system-out/>
  <testcase classname="script.BiltyLoadCreation" name="validateLogisticsPhNo" time="5.759"/>
  <system-out/>
  <testcase classname="script.BiltyLoadCreation" name="logisticsUserCardValidation" time="0.112"/>
  <system-out/>
  <testcase classname="script.BiltyLoadCreation" name="validateDriverName" time="2.928"/>
  <system-out/>
  <testcase classname="script.BiltyLoadCreation" name="enterDriverName" time="1.404"/>
  <system-out/>
  <testcase classname="script.BiltyLoadCreation" name="validateDriverPhNo" time="1.668"/>
  <system-out/>
  <testcase classname="script.BiltyLoadCreation" name="enterDriverNumber" time="1.370"/>
  <system-out/>
  <testcase classname="script.BiltyLoadCreation" name="validateLicenceNumber" time="1.515"/>
  <system-out/>
  <testcase classname="script.BiltyLoadCreation" name="enterLicenceNumber" time="1.353"/>
  <system-out/>
  <testcase classname="script.BiltyLoadCreation" name="validateVehicleNumber" time="1.501"/>
  <system-out/>
  <testcase classname="script.BiltyLoadCreation" name="enterVehicleNumber" time="1.385"/>
  <system-out/>
  <testcase classname="script.BiltyLoadCreation" name="advanceAmount" time="1.574"/>
  <system-out/>
  <testcase classname="script.BiltyLoadCreation" name="createButton" time="0.049"/>
  <system-out/>
  <testcase classname="script.BiltyLoadCreation" name="createLoad" time="4.672"/>
  <system-out/>
  <testcase classname="script.BiltyLoadCreation" name="editDeleteValidation" time="2.717"/>
  <system-out/>
</testsuite> <!-- script.BiltyLoadCreation -->
