<?xml version="1.0" encoding="UTF-8"?>
<!-- Generated by org.testng.reporters.JUnitReportReporter -->
<testsuite hostname="INBNRMARITA" failures="0" tests="10" name="script.GodownFinConsPayments" time="40.133" errors="0" timestamp="2023-05-26T18:03:23 IST" skipped="0">
  <testcase classname="script.GodownFinConsPayments" name="validateDateFilteFarmerPaymentsr" time="6.421"/>
  <system-out/>
  <testcase classname="script.GodownFinConsPayments" name="searchButton" time="0.053"/>
  <system-out/>
  <testcase classname="script.GodownFinConsPayments" name="resetButton" time="0.057"/>
  <system-out/>
  <testcase classname="script.GodownFinConsPayments" name="paymentModeConsumer" time="11.900"/>
  <system-out/>
  <testcase classname="script.GodownFinConsPayments" name="referenceIdConsumer" time="2.924"/>
  <system-out/>
  <testcase classname="script.GodownFinConsPayments" name="consumerPayments" time="11.148"/>
  <system-out/>
  <testcase classname="script.GodownFinConsPayments" name="validateDateFilterTransport" time="1.608"/>
  <system-out/>
  <testcase classname="script.GodownFinConsPayments" name="searchButtonTransport" time="0.049"/>
  <system-out/>
  <testcase classname="script.GodownFinConsPayments" name="resetButtonTransport" time="0.091"/>
  <system-out/>
  <testcase classname="script.GodownFinConsPayments" name="transportPayment" time="5.882"/>
  <system-out/>
</testsuite> <!-- script.GodownFinConsPayments -->
