<?xml version="1.0" encoding="UTF-8"?>
<!-- Generated by org.testng.reporters.JUnitReportReporter -->
<testsuite hostname="INBNRMARITA" failures="0" tests="1" name="script.AdminPaymentClose" time="14.477" errors="0" timestamp="2022-05-18T17:51:18 IST" skipped="0">
  <testcase classname="script.AdminPaymentClose" name="closePayment" time="14.477"/>
  <system-out/>
</testsuite> <!-- script.AdminPaymentClose -->
