<?xml version="1.0" encoding="UTF-8"?>
<!-- Generated by org.testng.reporters.JUnitReportReporter -->
<testsuite hostname="INBNRMARITA" failures="0" tests="28" name="script.LogisticsPoCreation" time="107.807" errors="0" timestamp="2023-03-21T14:34:31 IST" skipped="0">
  <testcase classname="script.LogisticsPoCreation" name="buyerLinkValidation" time="5.504"/>
  <system-out/>
  <testcase classname="script.LogisticsPoCreation" name="buyerOnboardingPage" time="1.864"/>
  <system-out/>
  <testcase classname="script.LogisticsPoCreation" name="searchButtonValidation" time="6.750"/>
  <system-out/>
  <testcase classname="script.LogisticsPoCreation" name="searchButtonColor" time="0.065"/>
  <system-out/>
  <testcase classname="script.LogisticsPoCreation" name="validatePhoneNumber" time="7.514"/>
  <system-out/>
  <testcase classname="script.LogisticsPoCreation" name="enterPhoneNumber" time="18.171"/>
  <system-out/>
  <testcase classname="script.LogisticsPoCreation" name="userCardValidation" time="0.046"/>
  <system-out/>
  <testcase classname="script.LogisticsPoCreation" name="validateAddCropBtn" time="0.038"/>
  <system-out/>
  <testcase classname="script.LogisticsPoCreation" name="addCropButton" time="1.177"/>
  <system-out/>
  <testcase classname="script.LogisticsPoCreation" name="addButton" time="0.036"/>
  <system-out/>
  <testcase classname="script.LogisticsPoCreation" name="validateCategory" time="3.313"/>
  <system-out/>
  <testcase classname="script.LogisticsPoCreation" name="validateCropName" time="3.264"/>
  <system-out/>
  <testcase classname="script.LogisticsPoCreation" name="validateQuantity" time="7.744"/>
  <system-out/>
  <testcase classname="script.LogisticsPoCreation" name="enterQuantity" time="1.121"/>
  <system-out/>
  <testcase classname="script.LogisticsPoCreation" name="validateUnit" time="3.450"/>
  <system-out/>
  <testcase classname="script.LogisticsPoCreation" name="validatePrice" time="8.624"/>
  <system-out/>
  <testcase classname="script.LogisticsPoCreation" name="enterPrice" time="1.200"/>
  <system-out/>
  <testcase classname="script.LogisticsPoCreation" name="addCrop" time="0.051"/>
  <system-out>
    <![CDATA[no such element: Unable to locate element: {"method":"xpath","selector":"//div[text()='Crop Added Successfully']"}
  (Session info: chrome=111.0.5563.65)
For documentation on this error, please visit: https://selenium.dev/exceptions/#no_such_element
Build info: version: '4.1.0', revision: '87802e897b'
System info: host: 'INBNRMARITA', ip: '172.26.1.117', os.name: 'Windows 10', os.arch: 'amd64', os.version: '10.0', java.version: '15.0.2'
Driver info: org.openqa.selenium.chrome.ChromeDriver
Command: [4536b63a163719b913346cf88af09c9a, findElement {using=xpath, value=//div[text()='Crop Added Successfully']}]
Capabilities {acceptInsecureCerts: false, browserName: chrome, browserVersion: 111.0.5563.65, chrome: {chromedriverVersion: 111.0.5563.64 (c710e93d5b63..., userDataDir: C:\Users\5028\AppData\Local...}, goog:chromeOptions: {debuggerAddress: localhost:59937}, javascriptEnabled: true, networkConnectionEnabled: false, pageLoadStrategy: normal, platform: WINDOWS, platformName: WINDOWS, proxy: Proxy(), se:cdp: ws://localhost:59937/devtoo..., se:cdpVersion: 111.0.5563.65, setWindowRect: true, strictFileInteractability: false, timeouts: {implicit: 0, pageLoad: 300000, script: 30000}, unhandledPromptBehavior: dismiss and notify, webauthn:extension:credBlob: true, webauthn:extension:largeBlob: true, webauthn:extension:minPinLength: true, webauthn:extension:prf: true, webauthn:virtualAuthenticators: true}
Session ID: 4536b63a163719b913346cf88af09c9a]]>
  </system-out>
  <testcase classname="script.LogisticsPoCreation" name="validateStartDate" time="3.294"/>
  <system-out/>
  <testcase classname="script.LogisticsPoCreation" name="selectStartDate" time="0.640"/>
  <system-out/>
  <testcase classname="script.LogisticsPoCreation" name="validatEndDate" time="2.315"/>
  <system-out/>
  <testcase classname="script.LogisticsPoCreation" name="selectEndDate" time="3.334"/>
  <system-out/>
  <testcase classname="script.LogisticsPoCreation" name="deliveryDistrictValidation" time="16.230"/>
  <system-out/>
  <testcase classname="script.LogisticsPoCreation" name="cancelPoValidation" time="4.336"/>
  <system-out/>
  <testcase classname="script.LogisticsPoCreation" name="generateP0Number" time="2.071"/>
  <system-out/>
  <testcase classname="script.LogisticsPoCreation" name="generatePO" time="4.380"/>
  <system-out/>
  <testcase classname="script.LogisticsPoCreation" name="validateSaveButton" time="0.039"/>
  <system-out/>
  <testcase classname="script.LogisticsPoCreation" name="poCreation" time="1.236"/>
  <system-out/>
</testsuite> <!-- script.LogisticsPoCreation -->
